[ 2015-05-28T10:25:02+08:00 ] 127.0.0.1 /wx_shool/index.php/home/index/login
INFO: [ app_init ] --START--
INFO: Run Behavior\BuildLiteBehavior [ RunTime:0.001000s ]
INFO: [ app_init ] --END-- [ RunTime:0.005000s ]
INFO: [ app_begin ] --START--
INFO: Run Behavior\ReadHtmlCacheBehavior [ RunTime:0.007000s ]
INFO: [ app_begin ] --END-- [ RunTime:0.007000s ]
INFO: [ view_parse ] --START--
INFO: [ template_filter ] --START--
INFO: Run Behavior\ContentReplaceBehavior [ RunTime:0.000000s ]
INFO: [ template_filter ] --END-- [ RunTime:0.001000s ]
INFO: Run Behavior\ParseTemplateBehavior [ RunTime:0.043002s ]
INFO: [ view_parse ] --END-- [ RunTime:0.043002s ]
INFO: [ view_filter ] --START--
INFO: Run Behavior\WriteHtmlCacheBehavior [ RunTime:0.007001s ]
INFO: [ view_filter ] --END-- [ RunTime:0.008001s ]
INFO: [ app_end ] --START--
INFO: Run Behavior\ShowPageTraceBehavior [ RunTime:0.011000s ]
INFO: [ app_end ] --END-- [ RunTime:0.011000s ]

[ 2015-05-28T20:07:06+08:00 ] 127.0.0.1 /wx_shool/index.php/home/index/checklogin/
INFO: [ app_init ] --START--
INFO: Run Behavior\BuildLiteBehavior [ RunTime:0.000000s ]
INFO: [ app_init ] --END-- [ RunTime:0.005001s ]
INFO: [ app_begin ] --START--
INFO: Run Behavior\ReadHtmlCacheBehavior [ RunTime:0.009000s ]
INFO: [ app_begin ] --END-- [ RunTime:0.010000s ]
ERR: 参数错误或者未定义:userAcount

[ 2015-05-28T20:07:18+08:00 ] 127.0.0.1 /wx_shool/index.php/home/index/checklogin/userAcount/admin/
INFO: [ app_init ] --START--
INFO: Run Behavior\BuildLiteBehavior [ RunTime:0.000000s ]
INFO: [ app_init ] --END-- [ RunTime:0.001000s ]
INFO: [ app_begin ] --START--
INFO: Run Behavior\ReadHtmlCacheBehavior [ RunTime:0.002000s ]
INFO: [ app_begin ] --END-- [ RunTime:0.002000s ]
ERR: 参数错误或者未定义:userPassword

[ 2015-05-28T20:07:37+08:00 ] 127.0.0.1 /wx_shool/index.php/home/index/checklogin/userAcount/admin/userPassword/admin/openid/1
INFO: [ app_init ] --START--
INFO: Run Behavior\BuildLiteBehavior [ RunTime:0.000000s ]
INFO: [ app_init ] --END-- [ RunTime:0.001000s ]
INFO: [ app_begin ] --START--
INFO: Run Behavior\ReadHtmlCacheBehavior [ RunTime:0.001000s ]
INFO: [ app_begin ] --END-- [ RunTime:0.001000s ]
SQL: SELECT teacherId,boolPass,shoolId FROM wx_teacher WHERE userAcount='admin' and userPassword='21232f297a57a5a743894a0e4a801fc3' and boolDel=0 [ RunTime:0.0120s ]
INFO: [ app_end ] --START--
INFO: Run Behavior\ShowPageTraceBehavior [ RunTime:0.021002s ]
INFO: [ app_end ] --END-- [ RunTime:0.021002s ]

[ 2015-05-28T20:10:06+08:00 ] 127.0.0.1 /wx_shool/index.php/home/index/checklogin/userAcount/admin/userPassword/admin/openid/1
INFO: [ app_init ] --START--
INFO: Run Behavior\BuildLiteBehavior [ RunTime:0.000000s ]
INFO: [ app_init ] --END-- [ RunTime:0.001000s ]
INFO: [ app_begin ] --START--
INFO: Run Behavior\ReadHtmlCacheBehavior [ RunTime:0.001000s ]
INFO: [ app_begin ] --END-- [ RunTime:0.001000s ]
SQL: SELECT teacherId,boolPass,shoolId FROM wx_teacher WHERE userAcount='admin' and userPassword='21232f297a57a5a743894a0e4a801fc3' and boolDel=0 [ RunTime:0.0120s ]
SQL: SHOW COLUMNS FROM `wx_teacher` [ RunTime:0.0150s ]
SQL: UPDATE `wx_teacher` SET `openid`='1' WHERE ( teacherId=5 ) [ RunTime:0.0120s ]
INFO: [ app_end ] --START--
INFO: Run Behavior\ShowPageTraceBehavior [ RunTime:0.002000s ]
INFO: [ app_end ] --END-- [ RunTime:0.002000s ]

[ 2015-05-28T20:10:08+08:00 ] 127.0.0.1 /wx_shool/index.php/home/index/checklogin/userAcount/admin/userPassword/admin/openid/1
INFO: [ app_init ] --START--
INFO: Run Behavior\BuildLiteBehavior [ RunTime:0.000000s ]
INFO: [ app_init ] --END-- [ RunTime:0.001000s ]
INFO: [ app_begin ] --START--
INFO: Run Behavior\ReadHtmlCacheBehavior [ RunTime:0.001000s ]
INFO: [ app_begin ] --END-- [ RunTime:0.002000s ]
SQL: SELECT teacherId,boolPass,shoolId FROM wx_teacher WHERE userAcount='admin' and userPassword='21232f297a57a5a743894a0e4a801fc3' and boolDel=0 [ RunTime:0.0110s ]
SQL: SHOW COLUMNS FROM `wx_teacher` [ RunTime:0.0130s ]
SQL: UPDATE `wx_teacher` SET `openid`='1' WHERE ( teacherId=5 ) [ RunTime:0.0100s ]
INFO: [ app_end ] --START--
INFO: Run Behavior\ShowPageTraceBehavior [ RunTime:0.001000s ]
INFO: [ app_end ] --END-- [ RunTime:0.001000s ]

[ 2015-05-28T20:10:09+08:00 ] 127.0.0.1 /wx_shool/index.php/home/index/checklogin/userAcount/admin/userPassword/admin/openid/1
INFO: [ app_init ] --START--
INFO: Run Behavior\BuildLiteBehavior [ RunTime:0.000000s ]
INFO: [ app_init ] --END-- [ RunTime:0.001000s ]
INFO: [ app_begin ] --START--
INFO: Run Behavior\ReadHtmlCacheBehavior [ RunTime:0.001000s ]
INFO: [ app_begin ] --END-- [ RunTime:0.001000s ]
SQL: SELECT teacherId,boolPass,shoolId FROM wx_teacher WHERE userAcount='admin' and userPassword='21232f297a57a5a743894a0e4a801fc3' and boolDel=0 [ RunTime:0.0110s ]
SQL: SHOW COLUMNS FROM `wx_teacher` [ RunTime:0.0160s ]
SQL: UPDATE `wx_teacher` SET `openid`='1' WHERE ( teacherId=5 ) [ RunTime:0.0100s ]
INFO: [ app_end ] --START--
INFO: Run Behavior\ShowPageTraceBehavior [ RunTime:0.001000s ]
INFO: [ app_end ] --END-- [ RunTime:0.002000s ]

[ 2015-05-28T20:10:11+08:00 ] 127.0.0.1 /wx_shool/index.php/home/index/checklogin/userAcount/admin/userPassword/admin/openid/1
INFO: [ app_init ] --START--
INFO: Run Behavior\BuildLiteBehavior [ RunTime:0.000000s ]
INFO: [ app_init ] --END-- [ RunTime:0.000000s ]
INFO: [ app_begin ] --START--
INFO: Run Behavior\ReadHtmlCacheBehavior [ RunTime:0.001000s ]
INFO: [ app_begin ] --END-- [ RunTime:0.001000s ]
SQL: SELECT teacherId,boolPass,shoolId FROM wx_teacher WHERE userAcount='admin' and userPassword='21232f297a57a5a743894a0e4a801fc3' and boolDel=0 [ RunTime:0.0120s ]
SQL: SHOW COLUMNS FROM `wx_teacher` [ RunTime:0.0150s ]
SQL: UPDATE `wx_teacher` SET `openid`='1' WHERE ( teacherId=5 ) [ RunTime:0.0140s ]
INFO: [ app_end ] --START--
INFO: Run Behavior\ShowPageTraceBehavior [ RunTime:0.001000s ]
INFO: [ app_end ] --END-- [ RunTime:0.001000s ]

[ 2015-05-28T20:11:08+08:00 ] 127.0.0.1 /wx_shool/index.php/home/index/checklogin/userAcount/admin/userPassword/admin/openid/1
INFO: [ app_init ] --START--
INFO: Run Behavior\BuildLiteBehavior [ RunTime:0.000000s ]
INFO: [ app_init ] --END-- [ RunTime:0.001000s ]
INFO: [ app_begin ] --START--
INFO: Run Behavior\ReadHtmlCacheBehavior [ RunTime:0.000000s ]
INFO: [ app_begin ] --END-- [ RunTime:0.001000s ]
SQL: SELECT teacherId,boolPass,shoolId FROM wx_teacher WHERE userAcount='admin' and userPassword='21232f297a57a5a743894a0e4a801fc3' and boolDel=0 [ RunTime:0.0120s ]
SQL: SHOW COLUMNS FROM `wx_teacher` [ RunTime:0.0140s ]
SQL: UPDATE `wx_teacher` SET `openid`='1' WHERE ( teacherId=5 ) [ RunTime:0.0120s ]
INFO: [ app_end ] --START--
INFO: Run Behavior\ShowPageTraceBehavior [ RunTime:0.002000s ]
INFO: [ app_end ] --END-- [ RunTime:0.002000s ]

[ 2015-05-28T20:24:44+08:00 ] 127.0.0.1 /wx_shool/index.php/home/index/checklogin/userAcount/admin/userPassword/admin/
INFO: [ app_init ] --START--
INFO: Run Behavior\BuildLiteBehavior [ RunTime:0.000000s ]
INFO: [ app_init ] --END-- [ RunTime:0.000000s ]
INFO: [ app_begin ] --START--
INFO: Run Behavior\ReadHtmlCacheBehavior [ RunTime:0.001000s ]
INFO: [ app_begin ] --END-- [ RunTime:0.001000s ]
ERR: 参数错误或者未定义:openid

