[ 2015-06-06T12:54:24+08:00 ] 127.0.0.1 /wx_shool/index.php/home/activity/index/openid/1
INFO: [ app_init ] --START--
INFO: Run Behavior\BuildLiteBehavior [ RunTime:0.000000s ]
INFO: [ app_init ] --END-- [ RunTime:0.005001s ]
INFO: [ app_begin ] --START--
INFO: Run Behavior\ReadHtmlCacheBehavior [ RunTime:0.007000s ]
INFO: [ app_begin ] --END-- [ RunTime:0.007000s ]
SQL: select teacherId  from wx_teacher where openid='1' [ RunTime:0.0120s ]

[ 2015-06-06T12:54:24+08:00 ] 127.0.0.1 /wx_shool/index.php/Home/Index/login2/openid/1.html
INFO: [ app_init ] --START--
INFO: Run Behavior\BuildLiteBehavior [ RunTime:0.000000s ]
INFO: [ app_init ] --END-- [ RunTime:0.001000s ]
INFO: [ app_begin ] --START--
INFO: Run Behavior\ReadHtmlCacheBehavior [ RunTime:0.003000s ]
INFO: [ app_begin ] --END-- [ RunTime:0.004000s ]
INFO: [ view_parse ] --START--
INFO: [ template_filter ] --START--
INFO: Run Behavior\ContentReplaceBehavior [ RunTime:0.000000s ]
INFO: [ template_filter ] --END-- [ RunTime:0.001000s ]
NOTIC: [8] Undefined variable: appId F:\WorkSpace\PhpWork\wx_shool\Home\Runtime\Cache\Home\e977e945896009aa50fd9f8e58a12fa6.php 第 94 行.
NOTIC: [8] Undefined variable: timestamp F:\WorkSpace\PhpWork\wx_shool\Home\Runtime\Cache\Home\e977e945896009aa50fd9f8e58a12fa6.php 第 95 行.
NOTIC: [8] Undefined variable: nonceStr F:\WorkSpace\PhpWork\wx_shool\Home\Runtime\Cache\Home\e977e945896009aa50fd9f8e58a12fa6.php 第 96 行.
NOTIC: [8] Undefined variable: signature F:\WorkSpace\PhpWork\wx_shool\Home\Runtime\Cache\Home\e977e945896009aa50fd9f8e58a12fa6.php 第 97 行.
INFO: Run Behavior\ParseTemplateBehavior [ RunTime:0.065004s ]
INFO: [ view_parse ] --END-- [ RunTime:0.066004s ]
INFO: [ view_filter ] --START--
INFO: Run Behavior\WriteHtmlCacheBehavior [ RunTime:0.007001s ]
INFO: [ view_filter ] --END-- [ RunTime:0.008001s ]
INFO: [ app_end ] --START--
INFO: Run Behavior\ShowPageTraceBehavior [ RunTime:0.011000s ]
INFO: [ app_end ] --END-- [ RunTime:0.011000s ]

[ 2015-06-06T12:54:29+08:00 ] 127.0.0.1 /wx_shool/index.php/home/index/checklogin/
INFO: [ app_init ] --START--
INFO: Run Behavior\BuildLiteBehavior [ RunTime:0.000000s ]
INFO: [ app_init ] --END-- [ RunTime:0.001000s ]
INFO: [ app_begin ] --START--
INFO: Run Behavior\ReadHtmlCacheBehavior [ RunTime:0.002000s ]
INFO: [ app_begin ] --END-- [ RunTime:0.002000s ]
SQL: SELECT teacherId,boolPass,shoolId FROM wx_teacher WHERE   userAcount='admin' and userPassword='21232f297a57a5a743894a0e4a801fc3' and boolDel=0 [ RunTime:0.0100s ]
SQL: SHOW COLUMNS FROM `wx_teacher` [ RunTime:0.0140s ]
SQL: UPDATE `wx_teacher` SET `openid`='1' WHERE ( teacherId=5 ) [ RunTime:0.0120s ]
INFO: [ app_end ] --START--
INFO: Run Behavior\ShowPageTraceBehavior [ RunTime:0.002000s ]
INFO: [ app_end ] --END-- [ RunTime:0.002000s ]

[ 2015-06-06T12:54:29+08:00 ] 127.0.0.1 /wx_shool/index.php/home/Activity/index/openid/1
INFO: [ app_init ] --START--
INFO: Run Behavior\BuildLiteBehavior [ RunTime:0.000000s ]
INFO: [ app_init ] --END-- [ RunTime:0.001000s ]
INFO: [ app_begin ] --START--
INFO: Run Behavior\ReadHtmlCacheBehavior [ RunTime:0.001000s ]
INFO: [ app_begin ] --END-- [ RunTime:0.002000s ]
SQL: select teacherId  from wx_teacher where openid='1' [ RunTime:0.0130s ]
SQL: select shoolId  from wx_guanzhu where weixin='1' [ RunTime:0.0240s ]
SQL: SELECT DISTINCT wx_school.shoolName,wx_shoolactivity.shoolId,wx_school.schoolIcon,str_to_date(wx_activity.activityTime,'%Y%m%d') as activityTime FROM wx_school INNER JOIN wx_shoolactivity ON wx_shoolactivity.shoolId = wx_school.shoolId INNER JOIN wx_activity ON wx_activity.activityId = wx_shoolactivity.activityId where activityTime >NOW() and wx_shoolactivity.boolDel=0 and wx_shoolactivity.shoolId in (20,19,7,6,13) [ RunTime:0.0240s ]
INFO: [ view_parse ] --START--
INFO: [ template_filter ] --START--
INFO: Run Behavior\ContentReplaceBehavior [ RunTime:0.000000s ]
INFO: [ template_filter ] --END-- [ RunTime:0.001000s ]
NOTIC: [2] Illegal string offset 'shoolid' F:\WorkSpace\PhpWork\wx_shool\Home\Runtime\Cache\Home\7e9db2e7aebe5220012ef9025cb1b24d.php 第 224 行.
NOTIC: [8] Undefined variable: appId F:\WorkSpace\PhpWork\wx_shool\Home\Runtime\Cache\Home\7e9db2e7aebe5220012ef9025cb1b24d.php 第 340 行.
NOTIC: [8] Undefined variable: timestamp F:\WorkSpace\PhpWork\wx_shool\Home\Runtime\Cache\Home\7e9db2e7aebe5220012ef9025cb1b24d.php 第 341 行.
NOTIC: [8] Undefined variable: nonceStr F:\WorkSpace\PhpWork\wx_shool\Home\Runtime\Cache\Home\7e9db2e7aebe5220012ef9025cb1b24d.php 第 342 行.
NOTIC: [8] Undefined variable: signature F:\WorkSpace\PhpWork\wx_shool\Home\Runtime\Cache\Home\7e9db2e7aebe5220012ef9025cb1b24d.php 第 343 行.
INFO: Run Behavior\ParseTemplateBehavior [ RunTime:0.126007s ]
INFO: [ view_parse ] --END-- [ RunTime:0.126007s ]
INFO: [ view_filter ] --START--
INFO: Run Behavior\WriteHtmlCacheBehavior [ RunTime:0.000000s ]
INFO: [ view_filter ] --END-- [ RunTime:0.001000s ]
INFO: [ app_end ] --START--
INFO: Run Behavior\ShowPageTraceBehavior [ RunTime:0.001000s ]
INFO: [ app_end ] --END-- [ RunTime:0.001000s ]

[ 2015-06-06T12:54:57+08:00 ] 127.0.0.1 /wx_shool/index.php/home/Activity/index/openid/1
INFO: [ app_init ] --START--
INFO: Run Behavior\BuildLiteBehavior [ RunTime:0.000000s ]
INFO: [ app_init ] --END-- [ RunTime:0.001000s ]
INFO: [ app_begin ] --START--
INFO: Run Behavior\ReadHtmlCacheBehavior [ RunTime:0.002000s ]
INFO: [ app_begin ] --END-- [ RunTime:0.003000s ]
SQL: select teacherId  from wx_teacher where openid='1' [ RunTime:0.0120s ]
SQL: select shoolId  from wx_guanzhu where weixin='1' [ RunTime:0.0120s ]
SQL: SELECT DISTINCT wx_school.shoolName,wx_shoolactivity.shoolId,wx_school.schoolIcon,str_to_date(wx_activity.activityTime,'%Y%m%d') as activityTime FROM wx_school INNER JOIN wx_shoolactivity ON wx_shoolactivity.shoolId = wx_school.shoolId INNER JOIN wx_activity ON wx_activity.activityId = wx_shoolactivity.activityId where activityTime >NOW() and wx_shoolactivity.boolDel=0 and wx_shoolactivity.shoolId in (20,19,7,6,13) [ RunTime:0.0270s ]
INFO: [ view_parse ] --START--
INFO: [ template_filter ] --START--
INFO: Run Behavior\ContentReplaceBehavior [ RunTime:0.000000s ]
INFO: [ template_filter ] --END-- [ RunTime:0.000000s ]
NOTIC: [2] Illegal string offset 'shoolid' F:\WorkSpace\PhpWork\wx_shool\Home\Runtime\Cache\Home\7e9db2e7aebe5220012ef9025cb1b24d.php 第 224 行.
NOTIC: [8] Undefined variable: appId F:\WorkSpace\PhpWork\wx_shool\Home\Runtime\Cache\Home\7e9db2e7aebe5220012ef9025cb1b24d.php 第 340 行.
NOTIC: [8] Undefined variable: timestamp F:\WorkSpace\PhpWork\wx_shool\Home\Runtime\Cache\Home\7e9db2e7aebe5220012ef9025cb1b24d.php 第 341 行.
NOTIC: [8] Undefined variable: nonceStr F:\WorkSpace\PhpWork\wx_shool\Home\Runtime\Cache\Home\7e9db2e7aebe5220012ef9025cb1b24d.php 第 342 行.
NOTIC: [8] Undefined variable: signature F:\WorkSpace\PhpWork\wx_shool\Home\Runtime\Cache\Home\7e9db2e7aebe5220012ef9025cb1b24d.php 第 343 行.
INFO: Run Behavior\ParseTemplateBehavior [ RunTime:0.032002s ]
INFO: [ view_parse ] --END-- [ RunTime:0.032002s ]
INFO: [ view_filter ] --START--
INFO: Run Behavior\WriteHtmlCacheBehavior [ RunTime:0.001000s ]
INFO: [ view_filter ] --END-- [ RunTime:0.001000s ]
INFO: [ app_end ] --START--
INFO: Run Behavior\ShowPageTraceBehavior [ RunTime:0.001000s ]
INFO: [ app_end ] --END-- [ RunTime:0.002000s ]

[ 2015-06-06T12:55:12+08:00 ] 127.0.0.1 /wx_shool/index.php/home/Activity/index/openid/1
INFO: [ app_init ] --START--
INFO: Run Behavior\BuildLiteBehavior [ RunTime:0.000000s ]
INFO: [ app_init ] --END-- [ RunTime:0.001000s ]
INFO: [ app_begin ] --START--
INFO: Run Behavior\ReadHtmlCacheBehavior [ RunTime:0.001000s ]
INFO: [ app_begin ] --END-- [ RunTime:0.001000s ]
SQL: select teacherId  from wx_teacher where openid='1' [ RunTime:0.0110s ]
SQL: select shoolId  from wx_guanzhu where weixin='1' [ RunTime:0.0110s ]
SQL: SELECT DISTINCT wx_school.shoolName,wx_shoolactivity.shoolId,wx_school.schoolIcon,str_to_date(wx_activity.activityTime,'%Y%m%d') as activityTime FROM wx_school INNER JOIN wx_shoolactivity ON wx_shoolactivity.shoolId = wx_school.shoolId INNER JOIN wx_activity ON wx_activity.activityId = wx_shoolactivity.activityId where activityTime >NOW() and wx_shoolactivity.boolDel=0 and wx_shoolactivity.shoolId in (20,19,7,6,13) [ RunTime:0.0280s ]
INFO: [ view_parse ] --START--
INFO: [ template_filter ] --START--
INFO: Run Behavior\ContentReplaceBehavior [ RunTime:0.000000s ]
INFO: [ template_filter ] --END-- [ RunTime:0.000000s ]
NOTIC: [2] Illegal string offset 'shoolid' F:\WorkSpace\PhpWork\wx_shool\Home\Runtime\Cache\Home\7e9db2e7aebe5220012ef9025cb1b24d.php 第 224 行.
NOTIC: [8] Undefined variable: appId F:\WorkSpace\PhpWork\wx_shool\Home\Runtime\Cache\Home\7e9db2e7aebe5220012ef9025cb1b24d.php 第 340 行.
NOTIC: [8] Undefined variable: timestamp F:\WorkSpace\PhpWork\wx_shool\Home\Runtime\Cache\Home\7e9db2e7aebe5220012ef9025cb1b24d.php 第 341 行.
NOTIC: [8] Undefined variable: nonceStr F:\WorkSpace\PhpWork\wx_shool\Home\Runtime\Cache\Home\7e9db2e7aebe5220012ef9025cb1b24d.php 第 342 行.
NOTIC: [8] Undefined variable: signature F:\WorkSpace\PhpWork\wx_shool\Home\Runtime\Cache\Home\7e9db2e7aebe5220012ef9025cb1b24d.php 第 343 行.
INFO: Run Behavior\ParseTemplateBehavior [ RunTime:0.050003s ]
INFO: [ view_parse ] --END-- [ RunTime:0.050003s ]
INFO: [ view_filter ] --START--
INFO: Run Behavior\WriteHtmlCacheBehavior [ RunTime:0.002000s ]
INFO: [ view_filter ] --END-- [ RunTime:0.002000s ]
INFO: [ app_end ] --START--
INFO: Run Behavior\ShowPageTraceBehavior [ RunTime:0.002000s ]
INFO: [ app_end ] --END-- [ RunTime:0.002000s ]

[ 2015-06-06T13:01:13+08:00 ] 127.0.0.1 /wx_shool/index.php/home/Activity/index/openid/otz3Ms2gtv51MKCjKd7J6uD03nhs
INFO: [ app_init ] --START--
INFO: Run Behavior\BuildLiteBehavior [ RunTime:0.000000s ]
INFO: [ app_init ] --END-- [ RunTime:0.000000s ]
INFO: [ app_begin ] --START--
INFO: Run Behavior\ReadHtmlCacheBehavior [ RunTime:0.001000s ]
INFO: [ app_begin ] --END-- [ RunTime:0.002000s ]
SQL: select teacherId  from wx_teacher where openid='otz3Ms2gtv51MKCjKd7J6uD03nhs' [ RunTime:0.0120s ]
SQL: select shoolId  from wx_guanzhu where weixin='otz3Ms2gtv51MKCjKd7J6uD03nhs' [ RunTime:0.0110s ]
INFO: [ view_parse ] --START--
INFO: [ template_filter ] --START--
INFO: Run Behavior\ContentReplaceBehavior [ RunTime:0.000000s ]
INFO: [ template_filter ] --END-- [ RunTime:0.000000s ]
NOTIC: [2] Illegal string offset 'shoolid' F:\WorkSpace\PhpWork\wx_shool\Home\Runtime\Cache\Home\7e9db2e7aebe5220012ef9025cb1b24d.php 第 224 行.
NOTIC: [8] Undefined variable: appId F:\WorkSpace\PhpWork\wx_shool\Home\Runtime\Cache\Home\7e9db2e7aebe5220012ef9025cb1b24d.php 第 340 行.
NOTIC: [8] Undefined variable: timestamp F:\WorkSpace\PhpWork\wx_shool\Home\Runtime\Cache\Home\7e9db2e7aebe5220012ef9025cb1b24d.php 第 341 行.
NOTIC: [8] Undefined variable: nonceStr F:\WorkSpace\PhpWork\wx_shool\Home\Runtime\Cache\Home\7e9db2e7aebe5220012ef9025cb1b24d.php 第 342 行.
NOTIC: [8] Undefined variable: signature F:\WorkSpace\PhpWork\wx_shool\Home\Runtime\Cache\Home\7e9db2e7aebe5220012ef9025cb1b24d.php 第 343 行.
INFO: Run Behavior\ParseTemplateBehavior [ RunTime:0.044003s ]
INFO: [ view_parse ] --END-- [ RunTime:0.044003s ]
INFO: [ view_filter ] --START--
INFO: Run Behavior\WriteHtmlCacheBehavior [ RunTime:0.001000s ]
INFO: [ view_filter ] --END-- [ RunTime:0.001000s ]
INFO: [ app_end ] --START--
INFO: Run Behavior\ShowPageTraceBehavior [ RunTime:0.002000s ]
INFO: [ app_end ] --END-- [ RunTime:0.003000s ]

[ 2015-06-06T13:01:37+08:00 ] 127.0.0.1 /wx_shool/index.php/home/Activity/index/openid/otz3Ms2gtv51MKCjKd7J6uD03nhs
INFO: [ app_init ] --START--
INFO: Run Behavior\BuildLiteBehavior [ RunTime:0.000000s ]
INFO: [ app_init ] --END-- [ RunTime:0.002000s ]
INFO: [ app_begin ] --START--
INFO: Run Behavior\ReadHtmlCacheBehavior [ RunTime:0.002001s ]
INFO: [ app_begin ] --END-- [ RunTime:0.002001s ]
SQL: select teacherId  from wx_teacher where openid='otz3Ms2gtv51MKCjKd7J6uD03nhs' [ RunTime:0.0110s ]
SQL: select shoolId  from wx_guanzhu where weixin='otz3Ms2gtv51MKCjKd7J6uD03nhs' [ RunTime:0.0130s ]
INFO: [ view_parse ] --START--
INFO: [ template_filter ] --START--
INFO: Run Behavior\ContentReplaceBehavior [ RunTime:0.000000s ]
INFO: [ template_filter ] --END-- [ RunTime:0.001000s ]
NOTIC: [2] Illegal string offset 'shoolid' F:\WorkSpace\PhpWork\wx_shool\Home\Runtime\Cache\Home\7e9db2e7aebe5220012ef9025cb1b24d.php 第 224 行.
NOTIC: [8] Undefined variable: appId F:\WorkSpace\PhpWork\wx_shool\Home\Runtime\Cache\Home\7e9db2e7aebe5220012ef9025cb1b24d.php 第 340 行.
NOTIC: [8] Undefined variable: timestamp F:\WorkSpace\PhpWork\wx_shool\Home\Runtime\Cache\Home\7e9db2e7aebe5220012ef9025cb1b24d.php 第 341 行.
NOTIC: [8] Undefined variable: nonceStr F:\WorkSpace\PhpWork\wx_shool\Home\Runtime\Cache\Home\7e9db2e7aebe5220012ef9025cb1b24d.php 第 342 行.
NOTIC: [8] Undefined variable: signature F:\WorkSpace\PhpWork\wx_shool\Home\Runtime\Cache\Home\7e9db2e7aebe5220012ef9025cb1b24d.php 第 343 行.
INFO: Run Behavior\ParseTemplateBehavior [ RunTime:0.034002s ]
INFO: [ view_parse ] --END-- [ RunTime:0.035002s ]
INFO: [ view_filter ] --START--
INFO: Run Behavior\WriteHtmlCacheBehavior [ RunTime:0.001000s ]
INFO: [ view_filter ] --END-- [ RunTime:0.002000s ]
INFO: [ app_end ] --START--
INFO: Run Behavior\ShowPageTraceBehavior [ RunTime:0.002000s ]
INFO: [ app_end ] --END-- [ RunTime:0.002000s ]

[ 2015-06-06T13:02:06+08:00 ] 127.0.0.1 /wx_shool/index.php/home/Activity/index/openid/otz3Ms2gtv51MKCjKd7J6uD03nhs
INFO: [ app_init ] --START--
INFO: Run Behavior\BuildLiteBehavior [ RunTime:0.000000s ]
INFO: [ app_init ] --END-- [ RunTime:0.001000s ]
INFO: [ app_begin ] --START--
INFO: Run Behavior\ReadHtmlCacheBehavior [ RunTime:0.001000s ]
INFO: [ app_begin ] --END-- [ RunTime:0.001000s ]
SQL: select teacherId  from wx_teacher where openid='otz3Ms2gtv51MKCjKd7J6uD03nhs' [ RunTime:0.0110s ]
SQL: select shoolId  from wx_guanzhu where weixin='otz3Ms2gtv51MKCjKd7J6uD03nhs' [ RunTime:0.0100s ]
INFO: [ view_parse ] --START--
INFO: [ template_filter ] --START--
INFO: Run Behavior\ContentReplaceBehavior [ RunTime:0.000000s ]
INFO: [ template_filter ] --END-- [ RunTime:0.000000s ]
NOTIC: [2] Illegal string offset 'shoolid' F:\WorkSpace\PhpWork\wx_shool\Home\Runtime\Cache\Home\7e9db2e7aebe5220012ef9025cb1b24d.php 第 224 行.
NOTIC: [8] Undefined variable: appId F:\WorkSpace\PhpWork\wx_shool\Home\Runtime\Cache\Home\7e9db2e7aebe5220012ef9025cb1b24d.php 第 340 行.
NOTIC: [8] Undefined variable: timestamp F:\WorkSpace\PhpWork\wx_shool\Home\Runtime\Cache\Home\7e9db2e7aebe5220012ef9025cb1b24d.php 第 341 行.
NOTIC: [8] Undefined variable: nonceStr F:\WorkSpace\PhpWork\wx_shool\Home\Runtime\Cache\Home\7e9db2e7aebe5220012ef9025cb1b24d.php 第 342 行.
NOTIC: [8] Undefined variable: signature F:\WorkSpace\PhpWork\wx_shool\Home\Runtime\Cache\Home\7e9db2e7aebe5220012ef9025cb1b24d.php 第 343 行.
INFO: Run Behavior\ParseTemplateBehavior [ RunTime:0.022001s ]
INFO: [ view_parse ] --END-- [ RunTime:0.022001s ]
INFO: [ view_filter ] --START--
INFO: Run Behavior\WriteHtmlCacheBehavior [ RunTime:0.001000s ]
INFO: [ view_filter ] --END-- [ RunTime:0.002001s ]
INFO: [ app_end ] --START--
INFO: Run Behavior\ShowPageTraceBehavior [ RunTime:0.002000s ]
INFO: [ app_end ] --END-- [ RunTime:0.002000s ]

[ 2015-06-06T13:02:08+08:00 ] 127.0.0.1 /wx_shool/index.php/home/Activity/index/openid/otz3Ms2gtv51MKCjKd7J6uD03nhs
INFO: [ app_init ] --START--
INFO: Run Behavior\BuildLiteBehavior [ RunTime:0.000000s ]
INFO: [ app_init ] --END-- [ RunTime:0.000000s ]
INFO: [ app_begin ] --START--
INFO: Run Behavior\ReadHtmlCacheBehavior [ RunTime:0.001000s ]
INFO: [ app_begin ] --END-- [ RunTime:0.001000s ]
SQL: select teacherId  from wx_teacher where openid='otz3Ms2gtv51MKCjKd7J6uD03nhs' [ RunTime:0.0120s ]
SQL: select shoolId  from wx_guanzhu where weixin='otz3Ms2gtv51MKCjKd7J6uD03nhs' [ RunTime:0.0110s ]
INFO: [ view_parse ] --START--
INFO: [ template_filter ] --START--
INFO: Run Behavior\ContentReplaceBehavior [ RunTime:0.000000s ]
INFO: [ template_filter ] --END-- [ RunTime:0.000000s ]
NOTIC: [2] Illegal string offset 'shoolid' F:\WorkSpace\PhpWork\wx_shool\Home\Runtime\Cache\Home\7e9db2e7aebe5220012ef9025cb1b24d.php 第 224 行.
NOTIC: [8] Undefined variable: appId F:\WorkSpace\PhpWork\wx_shool\Home\Runtime\Cache\Home\7e9db2e7aebe5220012ef9025cb1b24d.php 第 340 行.
NOTIC: [8] Undefined variable: timestamp F:\WorkSpace\PhpWork\wx_shool\Home\Runtime\Cache\Home\7e9db2e7aebe5220012ef9025cb1b24d.php 第 341 行.
NOTIC: [8] Undefined variable: nonceStr F:\WorkSpace\PhpWork\wx_shool\Home\Runtime\Cache\Home\7e9db2e7aebe5220012ef9025cb1b24d.php 第 342 行.
NOTIC: [8] Undefined variable: signature F:\WorkSpace\PhpWork\wx_shool\Home\Runtime\Cache\Home\7e9db2e7aebe5220012ef9025cb1b24d.php 第 343 行.
INFO: Run Behavior\ParseTemplateBehavior [ RunTime:0.037002s ]
INFO: [ view_parse ] --END-- [ RunTime:0.037002s ]
INFO: [ view_filter ] --START--
INFO: Run Behavior\WriteHtmlCacheBehavior [ RunTime:0.001000s ]
INFO: [ view_filter ] --END-- [ RunTime:0.001000s ]
INFO: [ app_end ] --START--
INFO: Run Behavior\ShowPageTraceBehavior [ RunTime:0.002000s ]
INFO: [ app_end ] --END-- [ RunTime:0.002000s ]

[ 2015-06-06T13:05:11+08:00 ] 127.0.0.1 /wx_shool/index.php/home/Activity/index/openid/otz3Ms2gtv51MKCjKd7J6uD03nhs
INFO: [ app_init ] --START--
INFO: Run Behavior\BuildLiteBehavior [ RunTime:0.001000s ]
INFO: [ app_init ] --END-- [ RunTime:0.001000s ]
INFO: [ app_begin ] --START--
INFO: Run Behavior\ReadHtmlCacheBehavior [ RunTime:0.001001s ]
INFO: [ app_begin ] --END-- [ RunTime:0.001001s ]
SQL: select teacherId  from wx_teacher where openid='otz3Ms2gtv51MKCjKd7J6uD03nhs' [ RunTime:0.0140s ]
SQL: select shoolId  from wx_guanzhu where weixin='otz3Ms2gtv51MKCjKd7J6uD03nhs' [ RunTime:0.0160s ]
INFO: [ view_parse ] --START--
INFO: [ template_filter ] --START--
INFO: Run Behavior\ContentReplaceBehavior [ RunTime:0.000000s ]
INFO: [ template_filter ] --END-- [ RunTime:0.000000s ]
NOTIC: [2] Illegal string offset 'shoolid' F:\WorkSpace\PhpWork\wx_shool\Home\Runtime\Cache\Home\7e9db2e7aebe5220012ef9025cb1b24d.php 第 224 行.
NOTIC: [8] Undefined variable: appId F:\WorkSpace\PhpWork\wx_shool\Home\Runtime\Cache\Home\7e9db2e7aebe5220012ef9025cb1b24d.php 第 340 行.
NOTIC: [8] Undefined variable: timestamp F:\WorkSpace\PhpWork\wx_shool\Home\Runtime\Cache\Home\7e9db2e7aebe5220012ef9025cb1b24d.php 第 341 行.
NOTIC: [8] Undefined variable: nonceStr F:\WorkSpace\PhpWork\wx_shool\Home\Runtime\Cache\Home\7e9db2e7aebe5220012ef9025cb1b24d.php 第 342 行.
NOTIC: [8] Undefined variable: signature F:\WorkSpace\PhpWork\wx_shool\Home\Runtime\Cache\Home\7e9db2e7aebe5220012ef9025cb1b24d.php 第 343 行.
INFO: Run Behavior\ParseTemplateBehavior [ RunTime:0.033002s ]
INFO: [ view_parse ] --END-- [ RunTime:0.034002s ]
INFO: [ view_filter ] --START--
INFO: Run Behavior\WriteHtmlCacheBehavior [ RunTime:0.002000s ]
INFO: [ view_filter ] --END-- [ RunTime:0.002000s ]
INFO: [ app_end ] --START--
INFO: Run Behavior\ShowPageTraceBehavior [ RunTime:0.001000s ]
INFO: [ app_end ] --END-- [ RunTime:0.003000s ]

[ 2015-06-06T13:06:07+08:00 ] 127.0.0.1 /wx_shool/index.php/home/Activity/index/openid/otz3Ms2gtv51MKCjKd7J6uD03nhs
INFO: [ app_init ] --START--
INFO: Run Behavior\BuildLiteBehavior [ RunTime:0.000000s ]
INFO: [ app_init ] --END-- [ RunTime:0.001001s ]
INFO: [ app_begin ] --START--
INFO: Run Behavior\ReadHtmlCacheBehavior [ RunTime:0.002000s ]
INFO: [ app_begin ] --END-- [ RunTime:0.002000s ]
SQL: select teacherId  from wx_teacher where openid='otz3Ms2gtv51MKCjKd7J6uD03nhs' [ RunTime:0.0110s ]
SQL: select shoolId  from wx_guanzhu where weixin='otz3Ms2gtv51MKCjKd7J6uD03nhs' [ RunTime:0.0110s ]
INFO: [ view_parse ] --START--
INFO: [ template_filter ] --START--
INFO: Run Behavior\ContentReplaceBehavior [ RunTime:0.001000s ]
INFO: [ template_filter ] --END-- [ RunTime:0.001000s ]
NOTIC: [2] Illegal string offset 'shoolid' F:\WorkSpace\PhpWork\wx_shool\Home\Runtime\Cache\Home\7e9db2e7aebe5220012ef9025cb1b24d.php 第 232 行.
NOTIC: [8] Undefined variable: appId F:\WorkSpace\PhpWork\wx_shool\Home\Runtime\Cache\Home\7e9db2e7aebe5220012ef9025cb1b24d.php 第 348 行.
NOTIC: [8] Undefined variable: timestamp F:\WorkSpace\PhpWork\wx_shool\Home\Runtime\Cache\Home\7e9db2e7aebe5220012ef9025cb1b24d.php 第 349 行.
NOTIC: [8] Undefined variable: nonceStr F:\WorkSpace\PhpWork\wx_shool\Home\Runtime\Cache\Home\7e9db2e7aebe5220012ef9025cb1b24d.php 第 350 行.
NOTIC: [8] Undefined variable: signature F:\WorkSpace\PhpWork\wx_shool\Home\Runtime\Cache\Home\7e9db2e7aebe5220012ef9025cb1b24d.php 第 351 行.
INFO: Run Behavior\ParseTemplateBehavior [ RunTime:0.019001s ]
INFO: [ view_parse ] --END-- [ RunTime:0.019001s ]
INFO: [ view_filter ] --START--
INFO: Run Behavior\WriteHtmlCacheBehavior [ RunTime:0.001000s ]
INFO: [ view_filter ] --END-- [ RunTime:0.001000s ]
INFO: [ app_end ] --START--
INFO: Run Behavior\ShowPageTraceBehavior [ RunTime:0.001000s ]
INFO: [ app_end ] --END-- [ RunTime:0.002001s ]

[ 2015-06-06T14:12:34+08:00 ] 127.0.0.1 /wx_shool/index.php/home/activity/index/openid/1
INFO: [ app_init ] --START--
INFO: Run Behavior\BuildLiteBehavior [ RunTime:0.001000s ]
INFO: [ app_init ] --END-- [ RunTime:0.012001s ]
INFO: [ app_begin ] --START--
INFO: Run Behavior\ReadHtmlCacheBehavior [ RunTime:0.012001s ]
INFO: [ app_begin ] --END-- [ RunTime:0.013001s ]
SQL: select teacherId  from wx_teacher where openid='1' [ RunTime:0.0120s ]

[ 2015-06-06T14:12:34+08:00 ] 127.0.0.1 /wx_shool/index.php/Home/Index/login2/openid/1.html
INFO: [ app_init ] --START--
INFO: Run Behavior\BuildLiteBehavior [ RunTime:0.000000s ]
INFO: [ app_init ] --END-- [ RunTime:0.001001s ]
INFO: [ app_begin ] --START--
INFO: Run Behavior\ReadHtmlCacheBehavior [ RunTime:0.001000s ]
INFO: [ app_begin ] --END-- [ RunTime:0.001000s ]
INFO: [ view_parse ] --START--
INFO: [ template_filter ] --START--
INFO: Run Behavior\ContentReplaceBehavior [ RunTime:0.000000s ]
INFO: [ template_filter ] --END-- [ RunTime:0.001000s ]
NOTIC: [8] Undefined variable: appId F:\WorkSpace\PhpWork\wx_shool\Home\Runtime\Cache\Home\e977e945896009aa50fd9f8e58a12fa6.php 第 94 行.
NOTIC: [8] Undefined variable: timestamp F:\WorkSpace\PhpWork\wx_shool\Home\Runtime\Cache\Home\e977e945896009aa50fd9f8e58a12fa6.php 第 95 行.
NOTIC: [8] Undefined variable: nonceStr F:\WorkSpace\PhpWork\wx_shool\Home\Runtime\Cache\Home\e977e945896009aa50fd9f8e58a12fa6.php 第 96 行.
NOTIC: [8] Undefined variable: signature F:\WorkSpace\PhpWork\wx_shool\Home\Runtime\Cache\Home\e977e945896009aa50fd9f8e58a12fa6.php 第 97 行.
INFO: Run Behavior\ParseTemplateBehavior [ RunTime:0.075004s ]
INFO: [ view_parse ] --END-- [ RunTime:0.075004s ]
INFO: [ view_filter ] --START--
INFO: Run Behavior\WriteHtmlCacheBehavior [ RunTime:0.010001s ]
INFO: [ view_filter ] --END-- [ RunTime:0.010001s ]
INFO: [ app_end ] --START--
INFO: Run Behavior\ShowPageTraceBehavior [ RunTime:0.017001s ]
INFO: [ app_end ] --END-- [ RunTime:0.017001s ]

[ 2015-06-06T14:12:53+08:00 ] 127.0.0.1 /wx_shool/index.php/home/activity/index/openid/otz3Ms2gtv51MKCjKd7J6uD03nhs
INFO: [ app_init ] --START--
INFO: Run Behavior\BuildLiteBehavior [ RunTime:0.000000s ]
INFO: [ app_init ] --END-- [ RunTime:0.001000s ]
INFO: [ app_begin ] --START--
INFO: Run Behavior\ReadHtmlCacheBehavior [ RunTime:0.002000s ]
INFO: [ app_begin ] --END-- [ RunTime:0.003000s ]
SQL: select teacherId  from wx_teacher where openid='otz3Ms2gtv51MKCjKd7J6uD03nhs' [ RunTime:0.0110s ]
SQL: select shoolId  from wx_guanzhu where weixin='otz3Ms2gtv51MKCjKd7J6uD03nhs' and shoolId<>0 [ RunTime:0.0120s ]
SQL: SELECT DISTINCT wx_school.shoolName,wx_shoolactivity.shoolId,wx_school.schoolIcon,str_to_date(wx_activity.activityTime,'%Y%m%d') as activityTime FROM wx_school INNER JOIN wx_shoolactivity ON wx_shoolactivity.shoolId = wx_school.shoolId INNER JOIN wx_activity ON wx_activity.activityId = wx_shoolactivity.activityId where activityTime >NOW() and wx_shoolactivity.boolDel=0 and wx_shoolactivity.shoolId in (12,13) [ RunTime:0.0200s ]
SQL: SELECT wx_shoolactivity.activityId,wx_activity.activitySubTitle, wx_activity.activityTitle,wx_activity.activityTime,wx_activity.attentNum,wx_activity.activityCagetory,wx_shoolactivity.shoolId,str_to_date(wx_activity.activityTime,'%Y%m%d') as activityTime,left(wx_activity.activityTime,10) as activityTime2
FROM wx_shoolactivity INNER JOIN wx_activity ON wx_activity.activityId = wx_shoolactivity.activityId
where wx_shoolactivity.boolDel=0 AND activityTime >NOW() [ RunTime:0.0200s ]
INFO: [ view_parse ] --START--
INFO: [ template_filter ] --START--
INFO: Run Behavior\ContentReplaceBehavior [ RunTime:0.001000s ]
INFO: [ template_filter ] --END-- [ RunTime:0.001000s ]
NOTIC: [8] Array to string conversion F:\WorkSpace\PhpWork\wx_shool\Home\Runtime\Cache\Home\7e9db2e7aebe5220012ef9025cb1b24d.php 第 190 行.
NOTIC: [8] Undefined variable: appId F:\WorkSpace\PhpWork\wx_shool\Home\Runtime\Cache\Home\7e9db2e7aebe5220012ef9025cb1b24d.php 第 348 行.
NOTIC: [8] Undefined variable: timestamp F:\WorkSpace\PhpWork\wx_shool\Home\Runtime\Cache\Home\7e9db2e7aebe5220012ef9025cb1b24d.php 第 349 行.
NOTIC: [8] Undefined variable: nonceStr F:\WorkSpace\PhpWork\wx_shool\Home\Runtime\Cache\Home\7e9db2e7aebe5220012ef9025cb1b24d.php 第 350 行.
NOTIC: [8] Undefined variable: signature F:\WorkSpace\PhpWork\wx_shool\Home\Runtime\Cache\Home\7e9db2e7aebe5220012ef9025cb1b24d.php 第 351 行.
INFO: Run Behavior\ParseTemplateBehavior [ RunTime:0.053003s ]
INFO: [ view_parse ] --END-- [ RunTime:0.054003s ]
INFO: [ view_filter ] --START--
INFO: Run Behavior\WriteHtmlCacheBehavior [ RunTime:0.001000s ]
INFO: [ view_filter ] --END-- [ RunTime:0.001000s ]
INFO: [ app_end ] --START--
INFO: Run Behavior\ShowPageTraceBehavior [ RunTime:0.002000s ]
INFO: [ app_end ] --END-- [ RunTime:0.002000s ]

[ 2015-06-06T14:13:16+08:00 ] 127.0.0.1 /wx_shool/index.php/home/activity/index/openid/otz3Ms2gtv51MKCjKd7J6uD03nhs
INFO: [ app_init ] --START--
INFO: Run Behavior\BuildLiteBehavior [ RunTime:0.000000s ]
INFO: [ app_init ] --END-- [ RunTime:0.002001s ]
INFO: [ app_begin ] --START--
INFO: Run Behavior\ReadHtmlCacheBehavior [ RunTime:0.002000s ]
INFO: [ app_begin ] --END-- [ RunTime:0.002000s ]
SQL: select teacherId  from wx_teacher where openid='otz3Ms2gtv51MKCjKd7J6uD03nhs' [ RunTime:0.0120s ]
SQL: select shoolId  from wx_guanzhu where weixin='otz3Ms2gtv51MKCjKd7J6uD03nhs' and shoolId<>0 [ RunTime:0.0260s ]
SQL: SELECT DISTINCT wx_school.shoolName,wx_shoolactivity.shoolId,wx_school.schoolIcon,str_to_date(wx_activity.activityTime,'%Y%m%d') as activityTime FROM wx_school INNER JOIN wx_shoolactivity ON wx_shoolactivity.shoolId = wx_school.shoolId INNER JOIN wx_activity ON wx_activity.activityId = wx_shoolactivity.activityId where activityTime >NOW() and wx_shoolactivity.boolDel=0 and wx_shoolactivity.shoolId in (12,13) [ RunTime:0.0220s ]
SQL: SELECT wx_shoolactivity.activityId,wx_activity.activitySubTitle, wx_activity.activityTitle,wx_activity.activityTime,wx_activity.attentNum,wx_activity.activityCagetory,wx_shoolactivity.shoolId,str_to_date(wx_activity.activityTime,'%Y%m%d') as activityTime,left(wx_activity.activityTime,10) as activityTime2
FROM wx_shoolactivity INNER JOIN wx_activity ON wx_activity.activityId = wx_shoolactivity.activityId
where wx_shoolactivity.boolDel=0 AND activityTime >NOW() [ RunTime:0.0210s ]
INFO: [ view_parse ] --START--
INFO: [ template_filter ] --START--
INFO: Run Behavior\ContentReplaceBehavior [ RunTime:0.000000s ]
INFO: [ template_filter ] --END-- [ RunTime:0.000000s ]
NOTIC: [8] Array to string conversion F:\WorkSpace\PhpWork\wx_shool\Home\Runtime\Cache\Home\7e9db2e7aebe5220012ef9025cb1b24d.php 第 190 行.
NOTIC: [8] Undefined variable: appId F:\WorkSpace\PhpWork\wx_shool\Home\Runtime\Cache\Home\7e9db2e7aebe5220012ef9025cb1b24d.php 第 348 行.
NOTIC: [8] Undefined variable: timestamp F:\WorkSpace\PhpWork\wx_shool\Home\Runtime\Cache\Home\7e9db2e7aebe5220012ef9025cb1b24d.php 第 349 行.
NOTIC: [8] Undefined variable: nonceStr F:\WorkSpace\PhpWork\wx_shool\Home\Runtime\Cache\Home\7e9db2e7aebe5220012ef9025cb1b24d.php 第 350 行.
NOTIC: [8] Undefined variable: signature F:\WorkSpace\PhpWork\wx_shool\Home\Runtime\Cache\Home\7e9db2e7aebe5220012ef9025cb1b24d.php 第 351 行.
INFO: Run Behavior\ParseTemplateBehavior [ RunTime:0.032002s ]
INFO: [ view_parse ] --END-- [ RunTime:0.033002s ]
INFO: [ view_filter ] --START--
INFO: Run Behavior\WriteHtmlCacheBehavior [ RunTime:0.001000s ]
INFO: [ view_filter ] --END-- [ RunTime:0.001000s ]
INFO: [ app_end ] --START--
INFO: Run Behavior\ShowPageTraceBehavior [ RunTime:0.002000s ]
INFO: [ app_end ] --END-- [ RunTime:0.002000s ]

[ 2015-06-06T14:14:25+08:00 ] 127.0.0.1 /wx_shool/index.php/home/activity/index/openid/otz3Ms2gtv51MKCjKd7J6uD03nhs
INFO: [ app_init ] --START--
INFO: Run Behavior\BuildLiteBehavior [ RunTime:0.000000s ]
INFO: [ app_init ] --END-- [ RunTime:0.002000s ]
INFO: [ app_begin ] --START--
INFO: Run Behavior\ReadHtmlCacheBehavior [ RunTime:0.002000s ]
INFO: [ app_begin ] --END-- [ RunTime:0.002000s ]
SQL: select teacherId  from wx_teacher where openid='otz3Ms2gtv51MKCjKd7J6uD03nhs' [ RunTime:0.0110s ]
SQL: select shoolId  from wx_guanzhu where weixin='otz3Ms2gtv51MKCjKd7J6uD03nhs' and shoolId<>0 [ RunTime:0.0100s ]
SQL: SELECT DISTINCT wx_school.shoolName,wx_shoolactivity.shoolId,wx_school.schoolIcon,str_to_date(wx_activity.activityTime,'%Y%m%d') as activityTime FROM wx_school INNER JOIN wx_shoolactivity ON wx_shoolactivity.shoolId = wx_school.shoolId INNER JOIN wx_activity ON wx_activity.activityId = wx_shoolactivity.activityId where activityTime >NOW() and wx_shoolactivity.boolDel=0 and wx_shoolactivity.shoolId in (12,13) [ RunTime:0.0270s ]
SQL: SELECT wx_shoolactivity.activityId,wx_activity.activitySubTitle, wx_activity.activityTitle,wx_activity.activityTime,wx_activity.attentNum,wx_activity.activityCagetory,wx_shoolactivity.shoolId,str_to_date(wx_activity.activityTime,'%Y%m%d') as activityTime,left(wx_activity.activityTime,10) as activityTime2
FROM wx_shoolactivity INNER JOIN wx_activity ON wx_activity.activityId = wx_shoolactivity.activityId
where wx_shoolactivity.boolDel=0 AND activityTime >NOW() [ RunTime:0.0200s ]
INFO: [ view_parse ] --START--
INFO: [ template_filter ] --START--
INFO: Run Behavior\ContentReplaceBehavior [ RunTime:0.001000s ]
INFO: [ template_filter ] --END-- [ RunTime:0.001000s ]
NOTIC: [8] Array to string conversion F:\WorkSpace\PhpWork\wx_shool\Home\Runtime\Cache\Home\7e9db2e7aebe5220012ef9025cb1b24d.php 第 190 行.
NOTIC: [8] Undefined variable: appId F:\WorkSpace\PhpWork\wx_shool\Home\Runtime\Cache\Home\7e9db2e7aebe5220012ef9025cb1b24d.php 第 348 行.
NOTIC: [8] Undefined variable: timestamp F:\WorkSpace\PhpWork\wx_shool\Home\Runtime\Cache\Home\7e9db2e7aebe5220012ef9025cb1b24d.php 第 349 行.
NOTIC: [8] Undefined variable: nonceStr F:\WorkSpace\PhpWork\wx_shool\Home\Runtime\Cache\Home\7e9db2e7aebe5220012ef9025cb1b24d.php 第 350 行.
NOTIC: [8] Undefined variable: signature F:\WorkSpace\PhpWork\wx_shool\Home\Runtime\Cache\Home\7e9db2e7aebe5220012ef9025cb1b24d.php 第 351 行.
INFO: Run Behavior\ParseTemplateBehavior [ RunTime:0.035002s ]
INFO: [ view_parse ] --END-- [ RunTime:0.036002s ]
INFO: [ view_filter ] --START--
INFO: Run Behavior\WriteHtmlCacheBehavior [ RunTime:0.001000s ]
INFO: [ view_filter ] --END-- [ RunTime:0.001000s ]
INFO: [ app_end ] --START--
INFO: Run Behavior\ShowPageTraceBehavior [ RunTime:0.001000s ]
INFO: [ app_end ] --END-- [ RunTime:0.001000s ]

[ 2015-06-06T14:14:52+08:00 ] 127.0.0.1 /wx_shool/index.php/home/activity/index/openid/otz3Ms2gtv51MKCjKd7J6uD03nhs
INFO: [ app_init ] --START--
INFO: Run Behavior\BuildLiteBehavior [ RunTime:0.000000s ]
INFO: [ app_init ] --END-- [ RunTime:0.001000s ]
INFO: [ app_begin ] --START--
INFO: Run Behavior\ReadHtmlCacheBehavior [ RunTime:0.002000s ]
INFO: [ app_begin ] --END-- [ RunTime:0.002000s ]
SQL: select teacherId  from wx_teacher where openid='otz3Ms2gtv51MKCjKd7J6uD03nhs' [ RunTime:0.0210s ]
SQL: select shoolId  from wx_guanzhu where weixin='otz3Ms2gtv51MKCjKd7J6uD03nhs' and shoolId<>0 [ RunTime:0.0090s ]
SQL: SELECT DISTINCT wx_school.shoolName,wx_shoolactivity.shoolId,wx_school.schoolIcon,str_to_date(wx_activity.activityTime,'%Y%m%d') as activityTime FROM wx_school INNER JOIN wx_shoolactivity ON wx_shoolactivity.shoolId = wx_school.shoolId INNER JOIN wx_activity ON wx_activity.activityId = wx_shoolactivity.activityId where activityTime >NOW() and wx_shoolactivity.boolDel=0 and wx_shoolactivity.shoolId in (12,13) [ RunTime:0.0230s ]
SQL: SELECT wx_shoolactivity.activityId,wx_activity.activitySubTitle, wx_activity.activityTitle,wx_activity.activityTime,wx_activity.attentNum,wx_activity.activityCagetory,wx_shoolactivity.shoolId,str_to_date(wx_activity.activityTime,'%Y%m%d') as activityTime,left(wx_activity.activityTime,10) as activityTime2
FROM wx_shoolactivity INNER JOIN wx_activity ON wx_activity.activityId = wx_shoolactivity.activityId
where wx_shoolactivity.boolDel=0 AND activityTime >NOW() [ RunTime:0.0210s ]
INFO: [ view_parse ] --START--
INFO: [ template_filter ] --START--
INFO: Run Behavior\ContentReplaceBehavior [ RunTime:0.001000s ]
INFO: [ template_filter ] --END-- [ RunTime:0.001000s ]
NOTIC: [8] Array to string conversion F:\WorkSpace\PhpWork\wx_shool\Home\Runtime\Cache\Home\7e9db2e7aebe5220012ef9025cb1b24d.php 第 190 行.
NOTIC: [8] Undefined variable: appId F:\WorkSpace\PhpWork\wx_shool\Home\Runtime\Cache\Home\7e9db2e7aebe5220012ef9025cb1b24d.php 第 348 行.
NOTIC: [8] Undefined variable: timestamp F:\WorkSpace\PhpWork\wx_shool\Home\Runtime\Cache\Home\7e9db2e7aebe5220012ef9025cb1b24d.php 第 349 行.
NOTIC: [8] Undefined variable: nonceStr F:\WorkSpace\PhpWork\wx_shool\Home\Runtime\Cache\Home\7e9db2e7aebe5220012ef9025cb1b24d.php 第 350 行.
NOTIC: [8] Undefined variable: signature F:\WorkSpace\PhpWork\wx_shool\Home\Runtime\Cache\Home\7e9db2e7aebe5220012ef9025cb1b24d.php 第 351 行.
INFO: Run Behavior\ParseTemplateBehavior [ RunTime:0.029002s ]
INFO: [ view_parse ] --END-- [ RunTime:0.029002s ]
INFO: [ view_filter ] --START--
INFO: Run Behavior\WriteHtmlCacheBehavior [ RunTime:0.001000s ]
INFO: [ view_filter ] --END-- [ RunTime:0.002000s ]
INFO: [ app_end ] --START--
INFO: Run Behavior\ShowPageTraceBehavior [ RunTime:0.002000s ]
INFO: [ app_end ] --END-- [ RunTime:0.002000s ]

[ 2015-06-06T14:14:53+08:00 ] 127.0.0.1 /wx_shool/index.php/home/activity/index/openid/otz3Ms2gtv51MKCjKd7J6uD03nhs
INFO: [ app_init ] --START--
INFO: Run Behavior\BuildLiteBehavior [ RunTime:0.000000s ]
INFO: [ app_init ] --END-- [ RunTime:0.001000s ]
INFO: [ app_begin ] --START--
INFO: Run Behavior\ReadHtmlCacheBehavior [ RunTime:0.001000s ]
INFO: [ app_begin ] --END-- [ RunTime:0.001000s ]
SQL: select teacherId  from wx_teacher where openid='otz3Ms2gtv51MKCjKd7J6uD03nhs' [ RunTime:0.0100s ]
SQL: select shoolId  from wx_guanzhu where weixin='otz3Ms2gtv51MKCjKd7J6uD03nhs' and shoolId<>0 [ RunTime:0.0120s ]
SQL: SELECT DISTINCT wx_school.shoolName,wx_shoolactivity.shoolId,wx_school.schoolIcon,str_to_date(wx_activity.activityTime,'%Y%m%d') as activityTime FROM wx_school INNER JOIN wx_shoolactivity ON wx_shoolactivity.shoolId = wx_school.shoolId INNER JOIN wx_activity ON wx_activity.activityId = wx_shoolactivity.activityId where activityTime >NOW() and wx_shoolactivity.boolDel=0 and wx_shoolactivity.shoolId in (12,13) [ RunTime:0.0310s ]
SQL: SELECT wx_shoolactivity.activityId,wx_activity.activitySubTitle, wx_activity.activityTitle,wx_activity.activityTime,wx_activity.attentNum,wx_activity.activityCagetory,wx_shoolactivity.shoolId,str_to_date(wx_activity.activityTime,'%Y%m%d') as activityTime,left(wx_activity.activityTime,10) as activityTime2
FROM wx_shoolactivity INNER JOIN wx_activity ON wx_activity.activityId = wx_shoolactivity.activityId
where wx_shoolactivity.boolDel=0 AND activityTime >NOW() [ RunTime:0.0210s ]
INFO: [ view_parse ] --START--
INFO: [ template_filter ] --START--
INFO: Run Behavior\ContentReplaceBehavior [ RunTime:0.001000s ]
INFO: [ template_filter ] --END-- [ RunTime:0.001000s ]
NOTIC: [8] Array to string conversion F:\WorkSpace\PhpWork\wx_shool\Home\Runtime\Cache\Home\7e9db2e7aebe5220012ef9025cb1b24d.php 第 190 行.
NOTIC: [8] Undefined variable: appId F:\WorkSpace\PhpWork\wx_shool\Home\Runtime\Cache\Home\7e9db2e7aebe5220012ef9025cb1b24d.php 第 348 行.
NOTIC: [8] Undefined variable: timestamp F:\WorkSpace\PhpWork\wx_shool\Home\Runtime\Cache\Home\7e9db2e7aebe5220012ef9025cb1b24d.php 第 349 行.
NOTIC: [8] Undefined variable: nonceStr F:\WorkSpace\PhpWork\wx_shool\Home\Runtime\Cache\Home\7e9db2e7aebe5220012ef9025cb1b24d.php 第 350 行.
NOTIC: [8] Undefined variable: signature F:\WorkSpace\PhpWork\wx_shool\Home\Runtime\Cache\Home\7e9db2e7aebe5220012ef9025cb1b24d.php 第 351 行.
INFO: Run Behavior\ParseTemplateBehavior [ RunTime:0.034002s ]
INFO: [ view_parse ] --END-- [ RunTime:0.035002s ]
INFO: [ view_filter ] --START--
INFO: Run Behavior\WriteHtmlCacheBehavior [ RunTime:0.001000s ]
INFO: [ view_filter ] --END-- [ RunTime:0.001000s ]
INFO: [ app_end ] --START--
INFO: Run Behavior\ShowPageTraceBehavior [ RunTime:0.001001s ]
INFO: [ app_end ] --END-- [ RunTime:0.001001s ]

