[ 2015-05-11T16:46:54+08:00 ] 127.0.0.1 /wx_shool/admin.php/home/school/getSchollList
INFO: [ app_begin ] --START--
INFO: Run Behavior\ReadHtmlCacheBehavior [ RunTime:0.000000s ]
INFO: [ app_begin ] --END-- [ RunTime:0.001000s ]
SQL: select wx_school.shoolId,wx_school.shoolName,wx_school.shoolAdd,wx_school.schoolIcon  from wx_school where boolDel=0 ORDER BY shoolId desc LIMIT 0,20 [ RunTime:0.0110s ]
INFO: [ app_end ] --START--
INFO: Run Behavior\ShowPageTraceBehavior [ RunTime:0.000000s ]
INFO: [ app_end ] --END-- [ RunTime:0.000000s ]

[ 2015-05-11T16:50:27+08:00 ] 127.0.0.1 /wx_shool/admin.php/home/school/getSchollList
INFO: [ app_begin ] --START--
INFO: Run Behavior\ReadHtmlCacheBehavior [ RunTime:0.000000s ]
INFO: [ app_begin ] --END-- [ RunTime:0.001000s ]
SQL: select wx_school.shoolId,wx_school.shoolName,wx_school.shoolAdd,wx_school.schoolIcon  from wx_school where boolDel=0 ORDER BY shoolId desc LIMIT 0,20 [ RunTime:0.0120s ]
INFO: [ app_end ] --START--
INFO: Run Behavior\ShowPageTraceBehavior [ RunTime:0.001000s ]
INFO: [ app_end ] --END-- [ RunTime:0.001000s ]

[ 2015-05-11T17:58:51+08:00 ] 127.0.0.1 /wx_shool/admin.php/home/school/getSchollList
INFO: [ app_begin ] --START--
INFO: Run Behavior\ReadHtmlCacheBehavior [ RunTime:0.000000s ]
INFO: [ app_begin ] --END-- [ RunTime:0.001000s ]
SQL: select wx_school.shoolId,wx_school.shoolName,wx_school.shoolAdd,wx_school.schoolIcon  from wx_school where boolDel=0 ORDER BY shoolId desc LIMIT 0,20 [ RunTime:0.0120s ]
INFO: [ app_end ] --START--
INFO: Run Behavior\ShowPageTraceBehavior [ RunTime:0.000000s ]
INFO: [ app_end ] --END-- [ RunTime:0.000000s ]

[ 2015-05-11T17:59:00+08:00 ] 127.0.0.1 /wx_shool/admin.php/home/activity/getSelectedSchool
INFO: [ app_begin ] --START--
INFO: Run Behavior\ReadHtmlCacheBehavior [ RunTime:0.001000s ]
INFO: [ app_begin ] --END-- [ RunTime:0.001000s ]
SQL: select wx_school.shoolId,wx_school.shoolName from wx_school where boolDel=0  [ RunTime:0.0120s ]
INFO: [ app_end ] --START--
INFO: Run Behavior\ShowPageTraceBehavior [ RunTime:0.000000s ]
INFO: [ app_end ] --END-- [ RunTime:0.000000s ]

[ 2015-05-11T17:59:00+08:00 ] 127.0.0.1 /wx_shool/admin.php/home/activity/getSelectedSchool
INFO: [ app_begin ] --START--
INFO: Run Behavior\ReadHtmlCacheBehavior [ RunTime:0.001001s ]
INFO: [ app_begin ] --END-- [ RunTime:0.001001s ]
SQL: select wx_school.shoolId,wx_school.shoolName from wx_school where boolDel=0  [ RunTime:0.0100s ]
INFO: [ app_end ] --START--
INFO: Run Behavior\ShowPageTraceBehavior [ RunTime:0.002000s ]
INFO: [ app_end ] --END-- [ RunTime:0.002000s ]

[ 2015-05-11T17:59:00+08:00 ] 127.0.0.1 /wx_shool/admin.php/home/activity/getActivityList
INFO: [ app_begin ] --START--
INFO: Run Behavior\ReadHtmlCacheBehavior [ RunTime:0.000000s ]
INFO: [ app_begin ] --END-- [ RunTime:0.000000s ]
SQL: SELECT wx_shoolactivity.id,wx_shoolactivity.activityId,wx_shoolactivity.shoolId,wx_school.shoolName,wx_activity.activityTitle,wx_activity.activityCagetory,wx_activity.activityImage,wx_activity.activityTime,wx_activity.activityAdd,wx_activity.activitySponsor FROM (wx_activity ,wx_school) INNER JOIN wx_shoolactivity ON wx_school.shoolId = wx_shoolactivity.shoolId AND wx_activity.activityId = wx_shoolactivity.activityId WHERE wx_shoolactivity.boolDel=0 ORDER BY wx_activity.activityAdd DESC LIMIT 0,20 [ RunTime:0.0320s ]
INFO: [ app_end ] --START--
INFO: Run Behavior\ShowPageTraceBehavior [ RunTime:0.000000s ]
INFO: [ app_end ] --END-- [ RunTime:0.000000s ]

[ 2015-05-11T17:59:00+08:00 ] 127.0.0.1 /wx_shool/admin.php/home/activity/getSelectedSchool
INFO: [ app_begin ] --START--
INFO: Run Behavior\ReadHtmlCacheBehavior [ RunTime:0.000000s ]
INFO: [ app_begin ] --END-- [ RunTime:0.000000s ]
SQL: select wx_school.shoolId,wx_school.shoolName from wx_school where boolDel=0  [ RunTime:0.0100s ]
INFO: [ app_end ] --START--
INFO: Run Behavior\ShowPageTraceBehavior [ RunTime:0.001000s ]
INFO: [ app_end ] --END-- [ RunTime:0.001000s ]

[ 2015-05-11T17:59:00+08:00 ] 127.0.0.1 /wx_shool/admin.php/home/activity/getSelectedSchool
INFO: [ app_begin ] --START--
INFO: Run Behavior\ReadHtmlCacheBehavior [ RunTime:0.000000s ]
INFO: [ app_begin ] --END-- [ RunTime:0.000000s ]
SQL: select wx_school.shoolId,wx_school.shoolName from wx_school where boolDel=0  [ RunTime:0.0120s ]
INFO: [ app_end ] --START--
INFO: Run Behavior\ShowPageTraceBehavior [ RunTime:0.001000s ]
INFO: [ app_end ] --END-- [ RunTime:0.001000s ]

[ 2015-05-11T17:59:00+08:00 ] 127.0.0.1 /wx_shool/admin.php/home/activity/getActivityList
INFO: [ app_begin ] --START--
INFO: Run Behavior\ReadHtmlCacheBehavior [ RunTime:0.001000s ]
INFO: [ app_begin ] --END-- [ RunTime:0.001000s ]
SQL: SELECT wx_shoolactivity.id,wx_shoolactivity.activityId,wx_shoolactivity.shoolId,wx_school.shoolName,wx_activity.activityTitle,wx_activity.activityCagetory,wx_activity.activityImage,wx_activity.activityTime,wx_activity.activityAdd,wx_activity.activitySponsor FROM (wx_activity ,wx_school) INNER JOIN wx_shoolactivity ON wx_school.shoolId = wx_shoolactivity.shoolId AND wx_activity.activityId = wx_shoolactivity.activityId WHERE wx_shoolactivity.boolDel=0 ORDER BY wx_activity.activityAdd DESC LIMIT 0,20 [ RunTime:0.0170s ]
INFO: [ app_end ] --START--
INFO: Run Behavior\ShowPageTraceBehavior [ RunTime:0.000000s ]
INFO: [ app_end ] --END-- [ RunTime:0.001000s ]

[ 2015-05-11T18:00:21+08:00 ] 127.0.0.1 /wx_shool/admin.php/home/activity/modifyBing/?id=7
INFO: [ app_begin ] --START--
INFO: Run Behavior\ReadHtmlCacheBehavior [ RunTime:0.001000s ]
INFO: [ app_begin ] --END-- [ RunTime:0.002000s ]
SQL: SELECT wx_shoolactivity.id,wx_shoolactivity.activityId,wx_shoolactivity.shoolId,wx_school.shoolName,wx_activity.activityTitle,wx_activity.activityCagetory,wx_activity.activityImage,wx_activity.activityTime,wx_activity.activityAdd,wx_activity.activitySponsor,wx_activity.activityTetailed FROM (wx_activity ,wx_school) INNER JOIN wx_shoolactivity ON wx_school.shoolId = wx_shoolactivity.shoolId AND wx_activity.activityId = wx_shoolactivity.activityId WHERE wx_shoolactivity.boolDel=0 and  wx_shoolactivity.id=7 [ RunTime:0.0150s ]
INFO: [ app_end ] --START--
INFO: Run Behavior\ShowPageTraceBehavior [ RunTime:0.000000s ]
INFO: [ app_end ] --END-- [ RunTime:0.000000s ]

[ 2015-05-11T18:01:32+08:00 ] 127.0.0.1 /wx_shool/admin.php/home/activity/modifyBing/?id=6
INFO: [ app_begin ] --START--
INFO: Run Behavior\ReadHtmlCacheBehavior [ RunTime:0.001000s ]
INFO: [ app_begin ] --END-- [ RunTime:0.001000s ]
SQL: SELECT wx_shoolactivity.id,wx_shoolactivity.activityId,wx_shoolactivity.shoolId,wx_school.shoolName,wx_activity.activityTitle,wx_activity.activityCagetory,wx_activity.activityImage,wx_activity.activityTime,wx_activity.activityAdd,wx_activity.activitySponsor,wx_activity.activityTetailed FROM (wx_activity ,wx_school) INNER JOIN wx_shoolactivity ON wx_school.shoolId = wx_shoolactivity.shoolId AND wx_activity.activityId = wx_shoolactivity.activityId WHERE wx_shoolactivity.boolDel=0 and  wx_shoolactivity.id=6 [ RunTime:0.0140s ]
INFO: [ app_end ] --START--
INFO: Run Behavior\ShowPageTraceBehavior [ RunTime:0.000000s ]
INFO: [ app_end ] --END-- [ RunTime:0.000000s ]

[ 2015-05-11T18:31:40+08:00 ] 127.0.0.1 /wx_shool/admin.php/home/activity/modifyBing/?id=6
INFO: [ app_begin ] --START--
INFO: Run Behavior\ReadHtmlCacheBehavior [ RunTime:0.001000s ]
INFO: [ app_begin ] --END-- [ RunTime:0.002000s ]
SQL: SELECT wx_shoolactivity.id,wx_shoolactivity.activityId,wx_shoolactivity.shoolId,wx_school.shoolName,wx_activity.activityTitle,wx_activity.activityCagetory,wx_activity.activityImage,wx_activity.activityTime,wx_activity.activityAdd,wx_activity.activitySponsor,wx_activity.activityTetailed FROM (wx_activity ,wx_school) INNER JOIN wx_shoolactivity ON wx_school.shoolId = wx_shoolactivity.shoolId AND wx_activity.activityId = wx_shoolactivity.activityId WHERE wx_shoolactivity.boolDel=0 and  wx_shoolactivity.id=6 [ RunTime:0.0280s ]
INFO: [ app_end ] --START--
INFO: Run Behavior\ShowPageTraceBehavior [ RunTime:0.001000s ]
INFO: [ app_end ] --END-- [ RunTime:0.001000s ]

[ 2015-05-11T18:33:15+08:00 ] 127.0.0.1 /wx_shool/admin.php/home/activity/modifyBing/?id=6
INFO: [ app_begin ] --START--
INFO: Run Behavior\ReadHtmlCacheBehavior [ RunTime:0.000000s ]
INFO: [ app_begin ] --END-- [ RunTime:0.001000s ]
SQL: SELECT wx_shoolactivity.id,wx_shoolactivity.activityId,wx_shoolactivity.shoolId,wx_school.shoolName,wx_activity.activityTitle,wx_activity.activityCagetory,wx_activity.activityImage,wx_activity.activityTime,wx_activity.activityAdd,wx_activity.activitySponsor,wx_activity.activityTetailed FROM (wx_activity ,wx_school) INNER JOIN wx_shoolactivity ON wx_school.shoolId = wx_shoolactivity.shoolId AND wx_activity.activityId = wx_shoolactivity.activityId WHERE wx_shoolactivity.boolDel=0 and  wx_shoolactivity.id=6 [ RunTime:0.0140s ]
INFO: [ app_end ] --START--
INFO: Run Behavior\ShowPageTraceBehavior [ RunTime:0.000000s ]
INFO: [ app_end ] --END-- [ RunTime:0.000000s ]

[ 2015-05-11T18:39:38+08:00 ] 127.0.0.1 /wx_shool/admin.php/home/activity/getSelectedSchool
INFO: [ app_begin ] --START--
INFO: Run Behavior\ReadHtmlCacheBehavior [ RunTime:0.000000s ]
INFO: [ app_begin ] --END-- [ RunTime:0.001000s ]
SQL: select wx_school.shoolId,wx_school.shoolName from wx_school where boolDel=0  [ RunTime:0.0130s ]
INFO: [ app_end ] --START--
INFO: Run Behavior\ShowPageTraceBehavior [ RunTime:0.001000s ]
INFO: [ app_end ] --END-- [ RunTime:0.001000s ]

[ 2015-05-11T18:39:38+08:00 ] 127.0.0.1 /wx_shool/admin.php/home/activity/getSelectedSchool
INFO: [ app_begin ] --START--
INFO: Run Behavior\ReadHtmlCacheBehavior [ RunTime:0.000000s ]
INFO: [ app_begin ] --END-- [ RunTime:0.000000s ]
SQL: select wx_school.shoolId,wx_school.shoolName from wx_school where boolDel=0  [ RunTime:0.0110s ]
INFO: [ app_end ] --START--
INFO: Run Behavior\ShowPageTraceBehavior [ RunTime:0.001000s ]
INFO: [ app_end ] --END-- [ RunTime:0.001000s ]

[ 2015-05-11T18:39:38+08:00 ] 127.0.0.1 /wx_shool/admin.php/home/activity/getActivityList
INFO: [ app_begin ] --START--
INFO: Run Behavior\ReadHtmlCacheBehavior [ RunTime:0.001000s ]
INFO: [ app_begin ] --END-- [ RunTime:0.001000s ]
ERR: SQLSTATE[42000]: Syntax error or access violation: 1064 You have an error in your SQL syntax; check the manual that corresponds to your MySQL server version for the right syntax to use near 'wx_activity.activitySubTitle,wx_activity.activityImage,wx_activity.activityTime,' at line 1

[ 2015-05-11T18:39:54+08:00 ] 127.0.0.1 /wx_shool/admin.php/home/activity/getSelectedSchool
INFO: [ app_begin ] --START--
INFO: Run Behavior\ReadHtmlCacheBehavior [ RunTime:0.000000s ]
INFO: [ app_begin ] --END-- [ RunTime:0.000000s ]
SQL: select wx_school.shoolId,wx_school.shoolName from wx_school where boolDel=0  [ RunTime:0.0120s ]
INFO: [ app_end ] --START--
INFO: Run Behavior\ShowPageTraceBehavior [ RunTime:0.000000s ]
INFO: [ app_end ] --END-- [ RunTime:0.000000s ]

[ 2015-05-11T18:39:54+08:00 ] 127.0.0.1 /wx_shool/admin.php/home/activity/getSelectedSchool
INFO: [ app_begin ] --START--
INFO: Run Behavior\ReadHtmlCacheBehavior [ RunTime:0.001000s ]
INFO: [ app_begin ] --END-- [ RunTime:0.001000s ]
SQL: select wx_school.shoolId,wx_school.shoolName from wx_school where boolDel=0  [ RunTime:0.0110s ]
INFO: [ app_end ] --START--
INFO: Run Behavior\ShowPageTraceBehavior [ RunTime:0.002000s ]
INFO: [ app_end ] --END-- [ RunTime:0.002000s ]

[ 2015-05-11T18:39:55+08:00 ] 127.0.0.1 /wx_shool/admin.php/home/activity/getActivityList
INFO: [ app_begin ] --START--
INFO: Run Behavior\ReadHtmlCacheBehavior [ RunTime:0.001000s ]
INFO: [ app_begin ] --END-- [ RunTime:0.001000s ]
SQL: SELECT wx_shoolactivity.id,wx_shoolactivity.activityId,wx_shoolactivity.shoolId,wx_school.shoolName,wx_activity.activityTitle,wx_activity.activityCagetory,wx_activity.activitySubTitle,wx_activity.activityImage,wx_activity.activityTime,wx_activity.activityAdd,wx_activity.activitySponsor FROM (wx_activity ,wx_school) INNER JOIN wx_shoolactivity ON wx_school.shoolId = wx_shoolactivity.shoolId AND wx_activity.activityId = wx_shoolactivity.activityId WHERE wx_shoolactivity.boolDel=0 ORDER BY wx_activity.activityAdd DESC LIMIT 0,20 [ RunTime:0.0320s ]
INFO: [ app_end ] --START--
INFO: Run Behavior\ShowPageTraceBehavior [ RunTime:0.001000s ]
INFO: [ app_end ] --END-- [ RunTime:0.001000s ]

[ 2015-05-11T18:43:33+08:00 ] 127.0.0.1 /wx_shool/admin.php/home/activity/getSelectedSchool
INFO: [ app_begin ] --START--
INFO: Run Behavior\ReadHtmlCacheBehavior [ RunTime:0.001000s ]
INFO: [ app_begin ] --END-- [ RunTime:0.001000s ]
SQL: select wx_school.shoolId,wx_school.shoolName from wx_school where boolDel=0  [ RunTime:0.0110s ]
INFO: [ app_end ] --START--
INFO: Run Behavior\ShowPageTraceBehavior [ RunTime:0.000000s ]
INFO: [ app_end ] --END-- [ RunTime:0.000000s ]

[ 2015-05-11T18:43:33+08:00 ] 127.0.0.1 /wx_shool/admin.php/home/activity/getSelectedSchool
INFO: [ app_begin ] --START--
INFO: Run Behavior\ReadHtmlCacheBehavior [ RunTime:0.000000s ]
INFO: [ app_begin ] --END-- [ RunTime:0.001000s ]
SQL: select wx_school.shoolId,wx_school.shoolName from wx_school where boolDel=0  [ RunTime:0.0110s ]
INFO: [ app_end ] --START--
INFO: Run Behavior\ShowPageTraceBehavior [ RunTime:0.001000s ]
INFO: [ app_end ] --END-- [ RunTime:0.001000s ]

[ 2015-05-11T18:43:34+08:00 ] 127.0.0.1 /wx_shool/admin.php/home/activity/getActivityList
INFO: [ app_begin ] --START--
INFO: Run Behavior\ReadHtmlCacheBehavior [ RunTime:0.001000s ]
INFO: [ app_begin ] --END-- [ RunTime:0.001000s ]
SQL: SELECT wx_shoolactivity.id,wx_shoolactivity.activityId,wx_shoolactivity.shoolId,wx_school.shoolName,wx_activity.activityTitle,wx_activity.activityCagetory,wx_activity.activitySubTitle,wx_activity.activityImage,wx_activity.activityTime,wx_activity.activityAdd,wx_activity.activitySponsor FROM (wx_activity ,wx_school) INNER JOIN wx_shoolactivity ON wx_school.shoolId = wx_shoolactivity.shoolId AND wx_activity.activityId = wx_shoolactivity.activityId WHERE wx_shoolactivity.boolDel=0 ORDER BY wx_activity.activityAdd DESC LIMIT 0,20 [ RunTime:0.0260s ]
INFO: [ app_end ] --START--
INFO: Run Behavior\ShowPageTraceBehavior [ RunTime:0.002000s ]
INFO: [ app_end ] --END-- [ RunTime:0.002000s ]

[ 2015-05-11T18:43:36+08:00 ] 127.0.0.1 /wx_shool/admin.php/home/activity/modifyBing/?id=8
INFO: [ app_begin ] --START--
INFO: Run Behavior\ReadHtmlCacheBehavior [ RunTime:0.000000s ]
INFO: [ app_begin ] --END-- [ RunTime:0.001000s ]
SQL: SELECT wx_shoolactivity.id,wx_shoolactivity.activityId,wx_shoolactivity.shoolId,wx_school.shoolName,wx_activity.activityTitle,wx_activity.activityCagetory,wx_activity.activitySubTitle,wx_activity.activityImage,wx_activity.activityTime,wx_activity.activityAdd,wx_activity.activitySponsor,wx_activity.activityTetailed FROM (wx_activity ,wx_school) INNER JOIN wx_shoolactivity ON wx_school.shoolId = wx_shoolactivity.shoolId AND wx_activity.activityId = wx_shoolactivity.activityId WHERE wx_shoolactivity.boolDel=0 and  wx_shoolactivity.id=8 [ RunTime:0.0240s ]
INFO: [ app_end ] --START--
INFO: Run Behavior\ShowPageTraceBehavior [ RunTime:0.001000s ]
INFO: [ app_end ] --END-- [ RunTime:0.001000s ]

[ 2015-05-11T18:44:01+08:00 ] 127.0.0.1 /wx_shool/admin.php/home/activity/addActivity
INFO: [ app_begin ] --START--
INFO: Run Behavior\ReadHtmlCacheBehavior [ RunTime:0.001000s ]
INFO: [ app_begin ] --END-- [ RunTime:0.002000s ]
SQL: SHOW COLUMNS FROM `wx_activity` [ RunTime:0.0140s ]
SQL: INSERT INTO `wx_activity` (`activityTitle`,`activitySubTitle`,`activityTime`,`activityAdd`,`activitySponsor`,`activityCagetory`,`activityImage`,`activityTetailed`,`attentNum`) VALUES ('1','2','2015-05-11','4','5','6','7','7','0') [ RunTime:0.0120s ]
SQL: SHOW COLUMNS FROM `wx_shoolactivity` [ RunTime:0.0120s ]
SQL: INSERT INTO `wx_shoolactivity` (`shoolId`,`activityId`,`boolDel`) VALUES ('3','10','') [ RunTime:0.0100s ]
INFO: [ app_end ] --START--
INFO: Run Behavior\ShowPageTraceBehavior [ RunTime:0.001000s ]
INFO: [ app_end ] --END-- [ RunTime:0.001000s ]

[ 2015-05-11T18:44:02+08:00 ] 127.0.0.1 /wx_shool/admin.php/home/activity/getSelectedSchool
INFO: [ app_begin ] --START--
INFO: Run Behavior\ReadHtmlCacheBehavior [ RunTime:0.001000s ]
INFO: [ app_begin ] --END-- [ RunTime:0.001000s ]
SQL: select wx_school.shoolId,wx_school.shoolName from wx_school where boolDel=0  [ RunTime:0.0100s ]
INFO: [ app_end ] --START--
INFO: Run Behavior\ShowPageTraceBehavior [ RunTime:0.000000s ]
INFO: [ app_end ] --END-- [ RunTime:0.000000s ]

[ 2015-05-11T18:44:03+08:00 ] 127.0.0.1 /wx_shool/admin.php/home/activity/getSelectedSchool
INFO: [ app_begin ] --START--
INFO: Run Behavior\ReadHtmlCacheBehavior [ RunTime:0.000000s ]
INFO: [ app_begin ] --END-- [ RunTime:0.001000s ]
SQL: select wx_school.shoolId,wx_school.shoolName from wx_school where boolDel=0  [ RunTime:0.0110s ]
INFO: [ app_end ] --START--
INFO: Run Behavior\ShowPageTraceBehavior [ RunTime:0.002000s ]
INFO: [ app_end ] --END-- [ RunTime:0.002000s ]

[ 2015-05-11T18:44:03+08:00 ] 127.0.0.1 /wx_shool/admin.php/home/activity/getActivityList
INFO: [ app_begin ] --START--
INFO: Run Behavior\ReadHtmlCacheBehavior [ RunTime:0.001000s ]
INFO: [ app_begin ] --END-- [ RunTime:0.001000s ]
SQL: SELECT wx_shoolactivity.id,wx_shoolactivity.activityId,wx_shoolactivity.shoolId,wx_school.shoolName,wx_activity.activityTitle,wx_activity.activityCagetory,wx_activity.activitySubTitle,wx_activity.activityImage,wx_activity.activityTime,wx_activity.activityAdd,wx_activity.activitySponsor FROM (wx_activity ,wx_school) INNER JOIN wx_shoolactivity ON wx_school.shoolId = wx_shoolactivity.shoolId AND wx_activity.activityId = wx_shoolactivity.activityId WHERE wx_shoolactivity.boolDel=0 ORDER BY wx_activity.activityAdd DESC LIMIT 0,20 [ RunTime:0.0280s ]
INFO: [ app_end ] --START--
INFO: Run Behavior\ShowPageTraceBehavior [ RunTime:0.001000s ]
INFO: [ app_end ] --END-- [ RunTime:0.001000s ]

[ 2015-05-11T18:45:46+08:00 ] 127.0.0.1 /wx_shool/admin.php/home/activity/getSelectedSchool
INFO: [ app_begin ] --START--
INFO: Run Behavior\ReadHtmlCacheBehavior [ RunTime:0.000000s ]
INFO: [ app_begin ] --END-- [ RunTime:0.000000s ]
SQL: select wx_school.shoolId,wx_school.shoolName from wx_school where boolDel=0  [ RunTime:0.0120s ]
INFO: [ app_end ] --START--
INFO: Run Behavior\ShowPageTraceBehavior [ RunTime:0.000000s ]
INFO: [ app_end ] --END-- [ RunTime:0.000000s ]

[ 2015-05-11T18:45:47+08:00 ] 127.0.0.1 /wx_shool/admin.php/home/activity/getSelectedSchool
INFO: [ app_begin ] --START--
INFO: Run Behavior\ReadHtmlCacheBehavior [ RunTime:0.001000s ]
INFO: [ app_begin ] --END-- [ RunTime:0.001000s ]
SQL: select wx_school.shoolId,wx_school.shoolName from wx_school where boolDel=0  [ RunTime:0.0130s ]
INFO: [ app_end ] --START--
INFO: Run Behavior\ShowPageTraceBehavior [ RunTime:0.001000s ]
INFO: [ app_end ] --END-- [ RunTime:0.001000s ]

[ 2015-05-11T18:45:47+08:00 ] 127.0.0.1 /wx_shool/admin.php/home/activity/getActivityList
INFO: [ app_begin ] --START--
INFO: Run Behavior\ReadHtmlCacheBehavior [ RunTime:0.000000s ]
INFO: [ app_begin ] --END-- [ RunTime:0.001000s ]
SQL: SELECT wx_shoolactivity.id,wx_shoolactivity.activityId,wx_shoolactivity.shoolId,wx_school.shoolName,wx_activity.activityTitle,wx_activity.activityCagetory,wx_activity.activitySubTitle,wx_activity.activityImage,wx_activity.activityTime,wx_activity.activityAdd,wx_activity.activitySponsor FROM (wx_activity ,wx_school) INNER JOIN wx_shoolactivity ON wx_school.shoolId = wx_shoolactivity.shoolId AND wx_activity.activityId = wx_shoolactivity.activityId WHERE wx_shoolactivity.boolDel=0 ORDER BY wx_activity.activityAdd DESC LIMIT 0,20 [ RunTime:0.0210s ]
INFO: [ app_end ] --START--
INFO: Run Behavior\ShowPageTraceBehavior [ RunTime:0.001000s ]
INFO: [ app_end ] --END-- [ RunTime:0.001000s ]

[ 2015-05-11T18:45:48+08:00 ] 127.0.0.1 /wx_shool/admin.php/home/activity/modifyBing/?id=8
INFO: [ app_begin ] --START--
INFO: Run Behavior\ReadHtmlCacheBehavior [ RunTime:0.000000s ]
INFO: [ app_begin ] --END-- [ RunTime:0.001000s ]
SQL: SELECT wx_shoolactivity.id,wx_shoolactivity.activityId,wx_shoolactivity.shoolId,wx_school.shoolName,wx_activity.activityTitle,wx_activity.activityCagetory,wx_activity.activitySubTitle,wx_activity.activityImage,wx_activity.activityTime,wx_activity.activityAdd,wx_activity.activitySponsor,wx_activity.activityTetailed FROM (wx_activity ,wx_school) INNER JOIN wx_shoolactivity ON wx_school.shoolId = wx_shoolactivity.shoolId AND wx_activity.activityId = wx_shoolactivity.activityId WHERE wx_shoolactivity.boolDel=0 and  wx_shoolactivity.id=8 [ RunTime:0.0150s ]
INFO: [ app_end ] --START--
INFO: Run Behavior\ShowPageTraceBehavior [ RunTime:0.001000s ]
INFO: [ app_end ] --END-- [ RunTime:0.001000s ]

[ 2015-05-11T18:46:02+08:00 ] 127.0.0.1 /wx_shool/admin.php/home/activity/getSelectedSchool
INFO: [ app_begin ] --START--
INFO: Run Behavior\ReadHtmlCacheBehavior [ RunTime:0.000000s ]
INFO: [ app_begin ] --END-- [ RunTime:0.001000s ]
SQL: select wx_school.shoolId,wx_school.shoolName from wx_school where boolDel=0  [ RunTime:0.0120s ]
INFO: [ app_end ] --START--
INFO: Run Behavior\ShowPageTraceBehavior [ RunTime:0.000000s ]
INFO: [ app_end ] --END-- [ RunTime:0.000000s ]

[ 2015-05-11T18:46:02+08:00 ] 127.0.0.1 /wx_shool/admin.php/home/activity/getSelectedSchool
INFO: [ app_begin ] --START--
INFO: Run Behavior\ReadHtmlCacheBehavior [ RunTime:0.001000s ]
INFO: [ app_begin ] --END-- [ RunTime:0.001000s ]
SQL: select wx_school.shoolId,wx_school.shoolName from wx_school where boolDel=0  [ RunTime:0.0110s ]
INFO: [ app_end ] --START--
INFO: Run Behavior\ShowPageTraceBehavior [ RunTime:0.000000s ]
INFO: [ app_end ] --END-- [ RunTime:0.000000s ]

[ 2015-05-11T18:46:03+08:00 ] 127.0.0.1 /wx_shool/admin.php/home/activity/getActivityList
INFO: [ app_begin ] --START--
INFO: Run Behavior\ReadHtmlCacheBehavior [ RunTime:0.000000s ]
INFO: [ app_begin ] --END-- [ RunTime:0.000000s ]
SQL: SELECT wx_shoolactivity.id,wx_shoolactivity.activityId,wx_shoolactivity.shoolId,wx_school.shoolName,wx_activity.activityTitle,wx_activity.activityCagetory,wx_activity.activitySubTitle,wx_activity.activityImage,wx_activity.activityTime,wx_activity.activityAdd,wx_activity.activitySponsor FROM (wx_activity ,wx_school) INNER JOIN wx_shoolactivity ON wx_school.shoolId = wx_shoolactivity.shoolId AND wx_activity.activityId = wx_shoolactivity.activityId WHERE wx_shoolactivity.boolDel=0 ORDER BY wx_activity.activityAdd DESC LIMIT 0,20 [ RunTime:0.0190s ]
INFO: [ app_end ] --START--
INFO: Run Behavior\ShowPageTraceBehavior [ RunTime:0.000000s ]
INFO: [ app_end ] --END-- [ RunTime:0.000000s ]

[ 2015-05-11T18:46:06+08:00 ] 127.0.0.1 /wx_shool/admin.php/home/activity/modifyBing/?id=10
INFO: [ app_begin ] --START--
INFO: Run Behavior\ReadHtmlCacheBehavior [ RunTime:0.000000s ]
INFO: [ app_begin ] --END-- [ RunTime:0.001000s ]
SQL: SELECT wx_shoolactivity.id,wx_shoolactivity.activityId,wx_shoolactivity.shoolId,wx_school.shoolName,wx_activity.activityTitle,wx_activity.activityCagetory,wx_activity.activitySubTitle,wx_activity.activityImage,wx_activity.activityTime,wx_activity.activityAdd,wx_activity.activitySponsor,wx_activity.activityTetailed FROM (wx_activity ,wx_school) INNER JOIN wx_shoolactivity ON wx_school.shoolId = wx_shoolactivity.shoolId AND wx_activity.activityId = wx_shoolactivity.activityId WHERE wx_shoolactivity.boolDel=0 and  wx_shoolactivity.id=10 [ RunTime:0.0240s ]
INFO: [ app_end ] --START--
INFO: Run Behavior\ShowPageTraceBehavior [ RunTime:0.001000s ]
INFO: [ app_end ] --END-- [ RunTime:0.001000s ]

[ 2015-05-11T18:46:40+08:00 ] 127.0.0.1 /wx_shool/admin.php/home/activity/getSelectedSchool
INFO: [ app_begin ] --START--
INFO: Run Behavior\ReadHtmlCacheBehavior [ RunTime:0.001000s ]
INFO: [ app_begin ] --END-- [ RunTime:0.001000s ]
SQL: select wx_school.shoolId,wx_school.shoolName from wx_school where boolDel=0  [ RunTime:0.0140s ]
INFO: [ app_end ] --START--
INFO: Run Behavior\ShowPageTraceBehavior [ RunTime:0.001000s ]
INFO: [ app_end ] --END-- [ RunTime:0.001000s ]

[ 2015-05-11T18:46:40+08:00 ] 127.0.0.1 /wx_shool/admin.php/home/activity/getSelectedSchool
INFO: [ app_begin ] --START--
INFO: Run Behavior\ReadHtmlCacheBehavior [ RunTime:0.000000s ]
INFO: [ app_begin ] --END-- [ RunTime:0.000000s ]
SQL: select wx_school.shoolId,wx_school.shoolName from wx_school where boolDel=0  [ RunTime:0.0110s ]
INFO: [ app_end ] --START--
INFO: Run Behavior\ShowPageTraceBehavior [ RunTime:0.001000s ]
INFO: [ app_end ] --END-- [ RunTime:0.001000s ]

[ 2015-05-11T18:46:40+08:00 ] 127.0.0.1 /wx_shool/admin.php/home/activity/getActivityList
INFO: [ app_begin ] --START--
INFO: Run Behavior\ReadHtmlCacheBehavior [ RunTime:0.000000s ]
INFO: [ app_begin ] --END-- [ RunTime:0.001000s ]
SQL: SELECT wx_shoolactivity.id,wx_shoolactivity.activityId,wx_shoolactivity.shoolId,wx_school.shoolName,wx_activity.activityTitle,wx_activity.activityCagetory,wx_activity.activitySubTitle,wx_activity.activityImage,wx_activity.activityTime,wx_activity.activityAdd,wx_activity.activitySponsor FROM (wx_activity ,wx_school) INNER JOIN wx_shoolactivity ON wx_school.shoolId = wx_shoolactivity.shoolId AND wx_activity.activityId = wx_shoolactivity.activityId WHERE wx_shoolactivity.boolDel=0 ORDER BY wx_activity.activityAdd DESC LIMIT 0,20 [ RunTime:0.0200s ]
INFO: [ app_end ] --START--
INFO: Run Behavior\ShowPageTraceBehavior [ RunTime:0.001000s ]
INFO: [ app_end ] --END-- [ RunTime:0.001000s ]

[ 2015-05-11T18:46:42+08:00 ] 127.0.0.1 /wx_shool/admin.php/home/activity/modifyBing/?id=6
INFO: [ app_begin ] --START--
INFO: Run Behavior\ReadHtmlCacheBehavior [ RunTime:0.000000s ]
INFO: [ app_begin ] --END-- [ RunTime:0.002000s ]
SQL: SELECT wx_shoolactivity.id,wx_shoolactivity.activityId,wx_shoolactivity.shoolId,wx_school.shoolName,wx_activity.activityTitle,wx_activity.activityCagetory,wx_activity.activitySubTitle,wx_activity.activityImage,wx_activity.activityTime,wx_activity.activityAdd,wx_activity.activitySponsor,wx_activity.activityTetailed FROM (wx_activity ,wx_school) INNER JOIN wx_shoolactivity ON wx_school.shoolId = wx_shoolactivity.shoolId AND wx_activity.activityId = wx_shoolactivity.activityId WHERE wx_shoolactivity.boolDel=0 and  wx_shoolactivity.id=6 [ RunTime:0.0140s ]
INFO: [ app_end ] --START--
INFO: Run Behavior\ShowPageTraceBehavior [ RunTime:0.000000s ]
INFO: [ app_end ] --END-- [ RunTime:0.000000s ]

[ 2015-05-11T18:47:12+08:00 ] 127.0.0.1 /wx_shool/admin.php/home/activity/getSelectedSchool
INFO: [ app_begin ] --START--
INFO: Run Behavior\ReadHtmlCacheBehavior [ RunTime:0.000000s ]
INFO: [ app_begin ] --END-- [ RunTime:0.000000s ]
SQL: select wx_school.shoolId,wx_school.shoolName from wx_school where boolDel=0  [ RunTime:0.0100s ]
INFO: [ app_end ] --START--
INFO: Run Behavior\ShowPageTraceBehavior [ RunTime:0.001000s ]
INFO: [ app_end ] --END-- [ RunTime:0.001000s ]

[ 2015-05-11T18:47:12+08:00 ] 127.0.0.1 /wx_shool/admin.php/home/activity/getSelectedSchool
INFO: [ app_begin ] --START--
INFO: Run Behavior\ReadHtmlCacheBehavior [ RunTime:0.000000s ]
INFO: [ app_begin ] --END-- [ RunTime:0.001000s ]
SQL: select wx_school.shoolId,wx_school.shoolName from wx_school where boolDel=0  [ RunTime:0.0100s ]
INFO: [ app_end ] --START--
INFO: Run Behavior\ShowPageTraceBehavior [ RunTime:0.001000s ]
INFO: [ app_end ] --END-- [ RunTime:0.001000s ]

[ 2015-05-11T18:47:13+08:00 ] 127.0.0.1 /wx_shool/admin.php/home/activity/getActivityList
INFO: [ app_begin ] --START--
INFO: Run Behavior\ReadHtmlCacheBehavior [ RunTime:0.000000s ]
INFO: [ app_begin ] --END-- [ RunTime:0.000000s ]
SQL: SELECT wx_shoolactivity.id,wx_shoolactivity.activityId,wx_shoolactivity.shoolId,wx_school.shoolName,wx_activity.activityTitle,wx_activity.activityCagetory,wx_activity.activitySubTitle,wx_activity.activityImage,wx_activity.activityTime,wx_activity.activityAdd,wx_activity.activitySponsor FROM (wx_activity ,wx_school) INNER JOIN wx_shoolactivity ON wx_school.shoolId = wx_shoolactivity.shoolId AND wx_activity.activityId = wx_shoolactivity.activityId WHERE wx_shoolactivity.boolDel=0 ORDER BY wx_activity.activityAdd DESC LIMIT 0,20 [ RunTime:0.0400s ]
INFO: [ app_end ] --START--
INFO: Run Behavior\ShowPageTraceBehavior [ RunTime:0.001000s ]
INFO: [ app_end ] --END-- [ RunTime:0.001000s ]

[ 2015-05-11T18:47:14+08:00 ] 127.0.0.1 /wx_shool/admin.php/home/activity/modifyBing/?id=6
INFO: [ app_begin ] --START--
INFO: Run Behavior\ReadHtmlCacheBehavior [ RunTime:0.001000s ]
INFO: [ app_begin ] --END-- [ RunTime:0.002000s ]
SQL: SELECT wx_shoolactivity.id,wx_shoolactivity.activityId,wx_shoolactivity.shoolId,wx_school.shoolName,wx_activity.activityTitle,wx_activity.activityCagetory,wx_activity.activitySubTitle,wx_activity.activityImage,wx_activity.activityTime,wx_activity.activityAdd,wx_activity.activitySponsor,wx_activity.activityTetailed FROM (wx_activity ,wx_school) INNER JOIN wx_shoolactivity ON wx_school.shoolId = wx_shoolactivity.shoolId AND wx_activity.activityId = wx_shoolactivity.activityId WHERE wx_shoolactivity.boolDel=0 and  wx_shoolactivity.id=6 [ RunTime:0.0290s ]
INFO: [ app_end ] --START--
INFO: Run Behavior\ShowPageTraceBehavior [ RunTime:0.000000s ]
INFO: [ app_end ] --END-- [ RunTime:0.000000s ]

[ 2015-05-11T18:47:21+08:00 ] 127.0.0.1 /wx_shool/admin.php/home/activity/confirmModify
INFO: [ app_begin ] --START--
INFO: Run Behavior\ReadHtmlCacheBehavior [ RunTime:0.001000s ]
INFO: [ app_begin ] --END-- [ RunTime:0.002000s ]
SQL: SHOW COLUMNS FROM `wx_activity` [ RunTime:0.0160s ]
SQL: UPDATE `wx_activity` SET `activityTitle`='Chopin in Love',`activityTime`='2015-06-06',`activitySubTitle`='ss33',`activityAdd`='Concert Hall',`activitySponsor`='管弦系、钢琴系',`activityCagetory`='交响',`activityImage`='',`activityTetailed`='Chopin Piano Concerto No.2',`attentNum`='0' WHERE ( activityId=6 ) [ RunTime:0.0250s ]
SQL: SHOW COLUMNS FROM `wx_shoolactivity` [ RunTime:0.0130s ]
SQL: UPDATE `wx_shoolactivity` SET `shoolId`='12' WHERE ( id=6 ) [ RunTime:0.0110s ]
INFO: [ app_end ] --START--
INFO: Run Behavior\ShowPageTraceBehavior [ RunTime:0.001001s ]
INFO: [ app_end ] --END-- [ RunTime:0.001001s ]

[ 2015-05-11T18:47:22+08:00 ] 127.0.0.1 /wx_shool/admin.php/home/activity/getSelectedSchool
INFO: [ app_begin ] --START--
INFO: Run Behavior\ReadHtmlCacheBehavior [ RunTime:0.001000s ]
INFO: [ app_begin ] --END-- [ RunTime:0.001000s ]
SQL: select wx_school.shoolId,wx_school.shoolName from wx_school where boolDel=0  [ RunTime:0.0120s ]
INFO: [ app_end ] --START--
INFO: Run Behavior\ShowPageTraceBehavior [ RunTime:0.001000s ]
INFO: [ app_end ] --END-- [ RunTime:0.001000s ]

[ 2015-05-11T18:47:22+08:00 ] 127.0.0.1 /wx_shool/admin.php/home/activity/getSelectedSchool
INFO: [ app_begin ] --START--
INFO: Run Behavior\ReadHtmlCacheBehavior [ RunTime:0.001000s ]
INFO: [ app_begin ] --END-- [ RunTime:0.001000s ]
SQL: select wx_school.shoolId,wx_school.shoolName from wx_school where boolDel=0  [ RunTime:0.0110s ]
INFO: [ app_end ] --START--
INFO: Run Behavior\ShowPageTraceBehavior [ RunTime:0.001000s ]
INFO: [ app_end ] --END-- [ RunTime:0.001000s ]

[ 2015-05-11T18:47:22+08:00 ] 127.0.0.1 /wx_shool/admin.php/home/activity/getActivityList
INFO: [ app_begin ] --START--
INFO: Run Behavior\ReadHtmlCacheBehavior [ RunTime:0.000000s ]
INFO: [ app_begin ] --END-- [ RunTime:0.000000s ]
SQL: SELECT wx_shoolactivity.id,wx_shoolactivity.activityId,wx_shoolactivity.shoolId,wx_school.shoolName,wx_activity.activityTitle,wx_activity.activityCagetory,wx_activity.activitySubTitle,wx_activity.activityImage,wx_activity.activityTime,wx_activity.activityAdd,wx_activity.activitySponsor FROM (wx_activity ,wx_school) INNER JOIN wx_shoolactivity ON wx_school.shoolId = wx_shoolactivity.shoolId AND wx_activity.activityId = wx_shoolactivity.activityId WHERE wx_shoolactivity.boolDel=0 ORDER BY wx_activity.activityAdd DESC LIMIT 0,20 [ RunTime:0.0330s ]
INFO: [ app_end ] --START--
INFO: Run Behavior\ShowPageTraceBehavior [ RunTime:0.000000s ]
INFO: [ app_end ] --END-- [ RunTime:0.000000s ]

