[ 2015-06-04T17:39:56+08:00 ] 127.0.0.1 /wx_shool/admin.php/home/index/checklogin/
INFO: [ app_begin ] --START--
INFO: Run Behavior\ReadHtmlCacheBehavior [ RunTime:0.000000s ]
INFO: [ app_begin ] --END-- [ RunTime:0.001000s ]
SQL: select *  from wx_teacher where  booladmin=1 and userAcount='admin' and userPassword='21232f297a57a5a743894a0e4a801fc3' [ RunTime:0.0240s ]
INFO: [ app_end ] --START--
INFO: Run Behavior\ShowPageTraceBehavior [ RunTime:0.001000s ]
INFO: [ app_end ] --END-- [ RunTime:0.001000s ]

[ 2015-06-04T17:54:51+08:00 ] 127.0.0.1 /wx_shool/admin.php/home/teacher/getTeacherList
INFO: [ app_begin ] --START--
INFO: Run Behavior\ReadHtmlCacheBehavior [ RunTime:0.001000s ]
INFO: [ app_begin ] --END-- [ RunTime:0.001000s ]
SQL: SELECT wx_teacher.teacherId,wx_teacher.openid,wx_teacher.jingdu,wx_teacher.weidu,wx_teacher.booladmin,wx_teacher.phone,wx_teacher.userAcount,wx_teacher.userPassword,wx_teacher.image,wx_teacher.boolPass FROM wx_teacher
 where boolDel=0 LIMIT 0,20 [ RunTime:0.0310s ]
NOTIC: [8] curl_setopt(): CURLOPT_SSL_VERIFYHOST no longer accepts the value 1, value 2 will be used instead F:\WorkSpace\PhpWork\wx_shool\ThinkPHP\Library\Org\Curl.class.php 第 15 行.
NOTIC: [8] curl_setopt(): CURLOPT_SSL_VERIFYHOST no longer accepts the value 1, value 2 will be used instead F:\WorkSpace\PhpWork\wx_shool\ThinkPHP\Library\Org\Curl.class.php 第 15 行.
NOTIC: [8] curl_setopt(): CURLOPT_SSL_VERIFYHOST no longer accepts the value 1, value 2 will be used instead F:\WorkSpace\PhpWork\wx_shool\ThinkPHP\Library\Org\Curl.class.php 第 15 行.
NOTIC: [8] curl_setopt(): CURLOPT_SSL_VERIFYHOST no longer accepts the value 1, value 2 will be used instead F:\WorkSpace\PhpWork\wx_shool\ThinkPHP\Library\Org\Curl.class.php 第 15 行.
INFO: [ app_end ] --START--
INFO: Run Behavior\ShowPageTraceBehavior [ RunTime:0.000000s ]
INFO: [ app_end ] --END-- [ RunTime:0.000000s ]

